---------- Date: 2021-06-20 16:21:17 ~ IP : 154.183.200.247 ----------
REQUEST URI : /admin/index.php?route=extension/modification/refresh&token=66419186beda8e3317bc3df45a79d208
MOD DETAILS:
   modFile   : /home/shad1clothing/public_html/vqmod/xml/a_vqmod_d_compatibilty_fix_230.xml
   id        : d_compatibilty_fix_230
   version   : 1.0.0
   vqmver    : 2.1.1
   author    : Dreamvention.com
VQModObject::parseMods - Could not resolve path for [admin/controller/event/compatibility.php] (SKIPPED)
VQModObject::parseMods - Could not resolve path for [admin/controller/extension/extension/feed.php] (SKIPPED)
VQModObject::parseMods - Could not resolve path for [admin/controller/extension/extension/fraud.php] (SKIPPED)
VQModObject::parseMods - Could not resolve path for [admin/controller/extension/extension/module.php] (SKIPPED)
VQModObject::parseMods - Could not resolve path for [admin/controller/extension/extension/payment.php] (SKIPPED)
VQModObject::parseMods - Could not resolve path for [admin/controller/extension/extension/shipping.php] (SKIPPED)
VQModObject::parseMods - Could not resolve path for [admin/controller/extension/extension/theme.php] (SKIPPED)
VQModObject::parseMods - Could not resolve path for [admin/controller/extension/extension/total.php] (SKIPPED)
VQModObject::parseMods - Could not resolve path for [catalog/controller/event/compatibility.php] (SKIPPED)
VQModObject::parseMods - Could not resolve path for [system/library/cart/user.php] (SKIPPED)
VQModObject::parseMods - Could not resolve path for [system/config/catalog.php] (SKIPPED)
MOD DETAILS:
   modFile   : /home/shad1clothing/public_html/vqmod/xml/a_vqmod_d_quickcheckout.xml
   id        : AJAX QUICK CHECKOUT V6 BY DREAMVENTION
   version   : 2.0.0.0
   vqmver    : 2.2.1
   author    : dreamvention.com
VQModObject::parseMods - Could not resolve path for [system/library/cart/tax.php] (SKIPPED)
MOD DETAILS:
   modFile   : /home/shad1clothing/public_html/vqmod/xml/ultimatemegafilter.xml
   id        : UltimateMegaFilter
   version   : 1.0.x
   vqmver    : 2.4.1
   author    : Atizva
VQModObject::parseMods - Could not resolve path for [admin/language/en-gb/catalog/product.php] (SKIPPED)
----------------------------------------------------------------------


---------- Date: 2021-06-20 16:22:00 ~ IP : 154.183.200.247 ----------
REQUEST URI : /admin/index.php?route=extension/modification/refresh&token=66419186beda8e3317bc3df45a79d208
MOD DETAILS:
   modFile   : /home/shad1clothing/public_html/vqmod/xml/a_vqmod_d_compatibilty_fix_230.xml
   id        : d_compatibilty_fix_230
   version   : 1.0.0
   vqmver    : 2.1.1
   author    : Dreamvention.com
VQModObject::parseMods - Could not resolve path for [admin/controller/event/compatibility.php] (SKIPPED)
VQModObject::parseMods - Could not resolve path for [admin/controller/extension/extension/feed.php] (SKIPPED)
VQModObject::parseMods - Could not resolve path for [admin/controller/extension/extension/fraud.php] (SKIPPED)
VQModObject::parseMods - Could not resolve path for [admin/controller/extension/extension/module.php] (SKIPPED)
VQModObject::parseMods - Could not resolve path for [admin/controller/extension/extension/payment.php] (SKIPPED)
VQModObject::parseMods - Could not resolve path for [admin/controller/extension/extension/shipping.php] (SKIPPED)
VQModObject::parseMods - Could not resolve path for [admin/controller/extension/extension/theme.php] (SKIPPED)
VQModObject::parseMods - Could not resolve path for [admin/controller/extension/extension/total.php] (SKIPPED)
VQModObject::parseMods - Could not resolve path for [catalog/controller/event/compatibility.php] (SKIPPED)
VQModObject::parseMods - Could not resolve path for [system/library/cart/user.php] (SKIPPED)
VQModObject::parseMods - Could not resolve path for [system/config/catalog.php] (SKIPPED)
MOD DETAILS:
   modFile   : /home/shad1clothing/public_html/vqmod/xml/a_vqmod_d_quickcheckout.xml
   id        : AJAX QUICK CHECKOUT V6 BY DREAMVENTION
   version   : 2.0.0.0
   vqmver    : 2.2.1
   author    : dreamvention.com
VQModObject::parseMods - Could not resolve path for [system/library/cart/tax.php] (SKIPPED)
MOD DETAILS:
   modFile   : /home/shad1clothing/public_html/vqmod/xml/ultimatemegafilter.xml
   id        : UltimateMegaFilter
   version   : 1.0.x
   vqmver    : 2.4.1
   author    : Atizva
VQModObject::parseMods - Could not resolve path for [admin/language/en-gb/catalog/product.php] (SKIPPED)
----------------------------------------------------------------------


---------- Date: 2021-06-20 16:23:04 ~ IP : 154.183.200.247 ----------
REQUEST URI : /admin/index.php?route=extension/modification/refresh&token=66419186beda8e3317bc3df45a79d208
VQMod::_getMods - NO XML FILES READABLE IN XML FOLDER
----------------------------------------------------------------------


---------- Date: 2021-06-20 16:23:04 ~ IP : 154.183.200.247 ----------
REQUEST URI : /admin/index.php?route=extension/modification&token=66419186beda8e3317bc3df45a79d208
VQMod::_getMods - NO XML FILES READABLE IN XML FOLDER
----------------------------------------------------------------------


---------- Date: 2021-06-20 16:23:08 ~ IP : 154.183.200.247 ----------
REQUEST URI : /admin/index.php?route=extension/module&token=66419186beda8e3317bc3df45a79d208
VQMod::_getMods - NO XML FILES READABLE IN XML FOLDER
----------------------------------------------------------------------


---------- Date: 2021-06-20 16:23:14 ~ IP : 154.183.200.247 ----------
REQUEST URI : /men/85221214test.html
VQMod::_getMods - NO XML FILES READABLE IN XML FOLDER
----------------------------------------------------------------------


---------- Date: 2021-06-20 16:23:14 ~ IP : 160.153.251.78 ----------
REQUEST URI : /catalog/view/theme/default/image/bg.png
VQMod::_getMods - NO XML FILES READABLE IN XML FOLDER
----------------------------------------------------------------------


---------- Date: 2021-06-20 16:23:14 ~ IP : 160.153.251.78 ----------
REQUEST URI : /catalog/view/theme/default/image/newsbg.jpg
VQMod::_getMods - NO XML FILES READABLE IN XML FOLDER
----------------------------------------------------------------------


---------- Date: 2021-06-20 16:23:15 ~ IP : 154.183.200.247 ----------
REQUEST URI : /index.php?route=product/product/review&product_id=68
VQMod::_getMods - NO XML FILES READABLE IN XML FOLDER
----------------------------------------------------------------------


---------- Date: 2021-06-20 16:23:46 ~ IP : 154.183.200.247 ----------
REQUEST URI : /admin/index.php?route=extension/modification/refresh&token=66419186beda8e3317bc3df45a79d208
MOD DETAILS:
   modFile   : /home/shad1clothing/public_html/vqmod/xml/a_vqmod_d_compatibilty_fix_230.xml
   id        : d_compatibilty_fix_230
   version   : 1.0.0
   vqmver    : 2.1.1
   author    : Dreamvention.com
VQModObject::parseMods - Could not resolve path for [admin/controller/event/compatibility.php] (SKIPPED)
VQModObject::parseMods - Could not resolve path for [admin/controller/extension/extension/feed.php] (SKIPPED)
VQModObject::parseMods - Could not resolve path for [admin/controller/extension/extension/fraud.php] (SKIPPED)
VQModObject::parseMods - Could not resolve path for [admin/controller/extension/extension/module.php] (SKIPPED)
VQModObject::parseMods - Could not resolve path for [admin/controller/extension/extension/payment.php] (SKIPPED)
VQModObject::parseMods - Could not resolve path for [admin/controller/extension/extension/shipping.php] (SKIPPED)
VQModObject::parseMods - Could not resolve path for [admin/controller/extension/extension/theme.php] (SKIPPED)
VQModObject::parseMods - Could not resolve path for [admin/controller/extension/extension/total.php] (SKIPPED)
VQModObject::parseMods - Could not resolve path for [catalog/controller/event/compatibility.php] (SKIPPED)
VQModObject::parseMods - Could not resolve path for [system/library/cart/user.php] (SKIPPED)
VQModObject::parseMods - Could not resolve path for [system/config/catalog.php] (SKIPPED)
MOD DETAILS:
   modFile   : /home/shad1clothing/public_html/vqmod/xml/a_vqmod_d_quickcheckout.xml
   id        : AJAX QUICK CHECKOUT V6 BY DREAMVENTION
   version   : 2.0.0.0
   vqmver    : 2.2.1
   author    : dreamvention.com
VQModObject::parseMods - Could not resolve path for [system/library/cart/tax.php] (SKIPPED)
MOD DETAILS:
   modFile   : /home/shad1clothing/public_html/vqmod/xml/ultimatemegafilter.xml
   id        : UltimateMegaFilter
   version   : 1.0.x
   vqmver    : 2.4.1
   author    : Atizva
VQModObject::parseMods - Could not resolve path for [admin/language/en-gb/catalog/product.php] (SKIPPED)
----------------------------------------------------------------------


---------- Date: 2021-06-20 16:24:36 ~ IP : 154.183.200.247 ----------
REQUEST URI : /men/85221214test.html
MOD DETAILS:
   modFile   : /home/shad1clothing/public_html/vqmod/xml/option_image_swap.xml
   id        : Option Image Swap
   version   : 3.0
   vqmver    : 2.5.1
   author    : Raul Marosan

File Name    : catalog/controller/product/product.php(1)
VQModObject::applyMod - SEARCH NOT FOUND (ABORTING MOD): 'thumb' => $this->model_tool_image->resize($result['image'], $this->config->get('config_image_additional_width'), $this->config->get('config_image_additional_height'))

----------------------------------------------------------------------


---------- Date: 2021-06-20 16:34:37 ~ IP : 154.183.200.247 ----------
REQUEST URI : /admin/index.php?route=extension/modification&token=66419186beda8e3317bc3df45a79d208
MOD DETAILS:
   modFile   : /home/shad1clothing/public_html/vqmod/xml/a_vqmod_d_compatibilty_fix_230.xml
   id        : d_compatibilty_fix_230
   version   : 1.0.0
   vqmver    : 2.1.1
   author    : Dreamvention.com
VQModObject::parseMods - Could not resolve path for [admin/controller/event/compatibility.php] (SKIPPED)
VQModObject::parseMods - Could not resolve path for [admin/controller/extension/extension/feed.php] (SKIPPED)
VQModObject::parseMods - Could not resolve path for [admin/controller/extension/extension/fraud.php] (SKIPPED)
VQModObject::parseMods - Could not resolve path for [admin/controller/extension/extension/module.php] (SKIPPED)
VQModObject::parseMods - Could not resolve path for [admin/controller/extension/extension/payment.php] (SKIPPED)
VQModObject::parseMods - Could not resolve path for [admin/controller/extension/extension/shipping.php] (SKIPPED)
VQModObject::parseMods - Could not resolve path for [admin/controller/extension/extension/theme.php] (SKIPPED)
VQModObject::parseMods - Could not resolve path for [admin/controller/extension/extension/total.php] (SKIPPED)
VQModObject::parseMods - Could not resolve path for [catalog/controller/event/compatibility.php] (SKIPPED)
VQModObject::parseMods - Could not resolve path for [system/library/cart/user.php] (SKIPPED)
VQModObject::parseMods - Could not resolve path for [system/config/catalog.php] (SKIPPED)
MOD DETAILS:
   modFile   : /home/shad1clothing/public_html/vqmod/xml/a_vqmod_d_quickcheckout.xml
   id        : AJAX QUICK CHECKOUT V6 BY DREAMVENTION
   version   : 2.0.0.0
   vqmver    : 2.2.1
   author    : dreamvention.com
VQModObject::parseMods - Could not resolve path for [system/library/cart/tax.php] (SKIPPED)
MOD DETAILS:
   modFile   : /home/shad1clothing/public_html/vqmod/xml/ultimatemegafilter.xml
   id        : UltimateMegaFilter
   version   : 1.0.x
   vqmver    : 2.4.1
   author    : Atizva
VQModObject::parseMods - Could not resolve path for [admin/language/en-gb/catalog/product.php] (SKIPPED)
----------------------------------------------------------------------


---------- Date: 2021-06-20 16:36:07 ~ IP : 154.183.200.247 ----------
REQUEST URI : /admin/index.php?route=extension/modification/refresh&token=66419186beda8e3317bc3df45a79d208
MOD DETAILS:
   modFile   : /home/shad1clothing/public_html/vqmod/xml/a_vqmod_d_compatibilty_fix_230.xml
   id        : d_compatibilty_fix_230
   version   : 1.0.0
   vqmver    : 2.1.1
   author    : Dreamvention.com
VQModObject::parseMods - Could not resolve path for [admin/controller/event/compatibility.php] (SKIPPED)
VQModObject::parseMods - Could not resolve path for [admin/controller/extension/extension/feed.php] (SKIPPED)
VQModObject::parseMods - Could not resolve path for [admin/controller/extension/extension/fraud.php] (SKIPPED)
VQModObject::parseMods - Could not resolve path for [admin/controller/extension/extension/module.php] (SKIPPED)
VQModObject::parseMods - Could not resolve path for [admin/controller/extension/extension/payment.php] (SKIPPED)
VQModObject::parseMods - Could not resolve path for [admin/controller/extension/extension/shipping.php] (SKIPPED)
VQModObject::parseMods - Could not resolve path for [admin/controller/extension/extension/theme.php] (SKIPPED)
VQModObject::parseMods - Could not resolve path for [admin/controller/extension/extension/total.php] (SKIPPED)
VQModObject::parseMods - Could not resolve path for [catalog/controller/event/compatibility.php] (SKIPPED)
VQModObject::parseMods - Could not resolve path for [system/library/cart/user.php] (SKIPPED)
VQModObject::parseMods - Could not resolve path for [system/config/catalog.php] (SKIPPED)
MOD DETAILS:
   modFile   : /home/shad1clothing/public_html/vqmod/xml/a_vqmod_d_quickcheckout.xml
   id        : AJAX QUICK CHECKOUT V6 BY DREAMVENTION
   version   : 2.0.0.0
   vqmver    : 2.2.1
   author    : dreamvention.com
VQModObject::parseMods - Could not resolve path for [system/library/cart/tax.php] (SKIPPED)
MOD DETAILS:
   modFile   : /home/shad1clothing/public_html/vqmod/xml/ultimatemegafilter.xml
   id        : UltimateMegaFilter
   version   : 1.0.x
   vqmver    : 2.4.1
   author    : Atizva
VQModObject::parseMods - Could not resolve path for [admin/language/en-gb/catalog/product.php] (SKIPPED)
----------------------------------------------------------------------


---------- Date: 2021-06-20 16:36:10 ~ IP : 154.183.200.247 ----------
REQUEST URI : /women/852212123test.html
MOD DETAILS:
   modFile   : /home/shad1clothing/public_html/vqmod/xml/option_image_swap.xml
   id        : Option Image Swap
   version   : 3.0
   vqmver    : 2.5.1
   author    : Raul Marosan

File Name    : catalog/controller/product/product.php(1)
VQModObject::applyMod - SEARCH NOT FOUND (ABORTING MOD): 'thumb' => $this->model_tool_image->resize($result['image'], $this->config->get('config_image_additional_width'), $this->config->get('config_image_additional_height'))

----------------------------------------------------------------------


---------- Date: 2021-06-20 16:43:05 ~ IP : 154.183.200.247 ----------
REQUEST URI : /men/85221214test.html
MOD DETAILS:
   modFile   : /home/shad1clothing/public_html/vqmod/xml/option_image_swap.xml
   id        : Option Image Swap
   version   : 3.0
   vqmver    : 2.5.1
   author    : Raul Marosan

File Name    : catalog/controller/product/product.php(1)
VQModObject::applyMod - SEARCH NOT FOUND (ABORTING MOD): 'thumb' => $this->model_tool_image->resize($result['image'], $this->config->get('config_image_additional_width'), $this->config->get('config_image_additional_height'))

----------------------------------------------------------------------


---------- Date: 2021-06-20 17:02:21 ~ IP : 154.183.200.247 ----------
REQUEST URI : /admin/index.php?route=extension/modification&token=66419186beda8e3317bc3df45a79d208
MOD DETAILS:
   modFile   : /home/shad1clothing/public_html/vqmod/xml/a_vqmod_d_compatibilty_fix_230.xml
   id        : d_compatibilty_fix_230
   version   : 1.0.0
   vqmver    : 2.1.1
   author    : Dreamvention.com
VQModObject::parseMods - Could not resolve path for [admin/controller/event/compatibility.php] (SKIPPED)
VQModObject::parseMods - Could not resolve path for [admin/controller/extension/extension/feed.php] (SKIPPED)
VQModObject::parseMods - Could not resolve path for [admin/controller/extension/extension/fraud.php] (SKIPPED)
VQModObject::parseMods - Could not resolve path for [admin/controller/extension/extension/module.php] (SKIPPED)
VQModObject::parseMods - Could not resolve path for [admin/controller/extension/extension/payment.php] (SKIPPED)
VQModObject::parseMods - Could not resolve path for [admin/controller/extension/extension/shipping.php] (SKIPPED)
VQModObject::parseMods - Could not resolve path for [admin/controller/extension/extension/theme.php] (SKIPPED)
VQModObject::parseMods - Could not resolve path for [admin/controller/extension/extension/total.php] (SKIPPED)
VQModObject::parseMods - Could not resolve path for [catalog/controller/event/compatibility.php] (SKIPPED)
VQModObject::parseMods - Could not resolve path for [system/library/cart/user.php] (SKIPPED)
VQModObject::parseMods - Could not resolve path for [system/config/catalog.php] (SKIPPED)
MOD DETAILS:
   modFile   : /home/shad1clothing/public_html/vqmod/xml/a_vqmod_d_quickcheckout.xml
   id        : AJAX QUICK CHECKOUT V6 BY DREAMVENTION
   version   : 2.0.0.0
   vqmver    : 2.2.1
   author    : dreamvention.com
VQModObject::parseMods - Could not resolve path for [system/library/cart/tax.php] (SKIPPED)
MOD DETAILS:
   modFile   : /home/shad1clothing/public_html/vqmod/xml/ultimatemegafilter.xml
   id        : UltimateMegaFilter
   version   : 1.0.x
   vqmver    : 2.4.1
   author    : Atizva
VQModObject::parseMods - Could not resolve path for [admin/language/en-gb/catalog/product.php] (SKIPPED)
----------------------------------------------------------------------


---------- Date: 2021-06-20 17:06:47 ~ IP : 154.183.200.247 ----------
REQUEST URI : /admin/index.php?route=extension/modification/refresh&token=66419186beda8e3317bc3df45a79d208
MOD DETAILS:
   modFile   : /home/shad1clothing/public_html/vqmod/xml/a_vqmod_d_compatibilty_fix_230.xml
   id        : d_compatibilty_fix_230
   version   : 1.0.0
   vqmver    : 2.1.1
   author    : Dreamvention.com
VQModObject::parseMods - Could not resolve path for [admin/controller/event/compatibility.php] (SKIPPED)
VQModObject::parseMods - Could not resolve path for [admin/controller/extension/extension/feed.php] (SKIPPED)
VQModObject::parseMods - Could not resolve path for [admin/controller/extension/extension/fraud.php] (SKIPPED)
VQModObject::parseMods - Could not resolve path for [admin/controller/extension/extension/module.php] (SKIPPED)
VQModObject::parseMods - Could not resolve path for [admin/controller/extension/extension/payment.php] (SKIPPED)
VQModObject::parseMods - Could not resolve path for [admin/controller/extension/extension/shipping.php] (SKIPPED)
VQModObject::parseMods - Could not resolve path for [admin/controller/extension/extension/theme.php] (SKIPPED)
VQModObject::parseMods - Could not resolve path for [admin/controller/extension/extension/total.php] (SKIPPED)
VQModObject::parseMods - Could not resolve path for [catalog/controller/event/compatibility.php] (SKIPPED)
VQModObject::parseMods - Could not resolve path for [system/library/cart/user.php] (SKIPPED)
VQModObject::parseMods - Could not resolve path for [system/config/catalog.php] (SKIPPED)
MOD DETAILS:
   modFile   : /home/shad1clothing/public_html/vqmod/xml/a_vqmod_d_quickcheckout.xml
   id        : AJAX QUICK CHECKOUT V6 BY DREAMVENTION
   version   : 2.0.0.0
   vqmver    : 2.2.1
   author    : dreamvention.com
VQModObject::parseMods - Could not resolve path for [system/library/cart/tax.php] (SKIPPED)
MOD DETAILS:
   modFile   : /home/shad1clothing/public_html/vqmod/xml/ultimatemegafilter.xml
   id        : UltimateMegaFilter
   version   : 1.0.x
   vqmver    : 2.4.1
   author    : Atizva
VQModObject::parseMods - Could not resolve path for [admin/language/en-gb/catalog/product.php] (SKIPPED)
----------------------------------------------------------------------


---------- Date: 2021-06-20 17:11:04 ~ IP : 154.183.200.247 ----------
REQUEST URI : /admin/index.php?route=extension/modification/refresh&token=66419186beda8e3317bc3df45a79d208
MOD DETAILS:
   modFile   : /home/shad1clothing/public_html/vqmod/xml/a_vqmod_d_compatibilty_fix_230.xml
   id        : d_compatibilty_fix_230
   version   : 1.0.0
   vqmver    : 2.1.1
   author    : Dreamvention.com
VQModObject::parseMods - Could not resolve path for [admin/controller/event/compatibility.php] (SKIPPED)
VQModObject::parseMods - Could not resolve path for [admin/controller/extension/extension/feed.php] (SKIPPED)
VQModObject::parseMods - Could not resolve path for [admin/controller/extension/extension/fraud.php] (SKIPPED)
VQModObject::parseMods - Could not resolve path for [admin/controller/extension/extension/module.php] (SKIPPED)
VQModObject::parseMods - Could not resolve path for [admin/controller/extension/extension/payment.php] (SKIPPED)
VQModObject::parseMods - Could not resolve path for [admin/controller/extension/extension/shipping.php] (SKIPPED)
VQModObject::parseMods - Could not resolve path for [admin/controller/extension/extension/theme.php] (SKIPPED)
VQModObject::parseMods - Could not resolve path for [admin/controller/extension/extension/total.php] (SKIPPED)
VQModObject::parseMods - Could not resolve path for [catalog/controller/event/compatibility.php] (SKIPPED)
VQModObject::parseMods - Could not resolve path for [system/library/cart/user.php] (SKIPPED)
VQModObject::parseMods - Could not resolve path for [system/config/catalog.php] (SKIPPED)
MOD DETAILS:
   modFile   : /home/shad1clothing/public_html/vqmod/xml/a_vqmod_d_quickcheckout.xml
   id        : AJAX QUICK CHECKOUT V6 BY DREAMVENTION
   version   : 2.0.0.0
   vqmver    : 2.2.1
   author    : dreamvention.com
VQModObject::parseMods - Could not resolve path for [system/library/cart/tax.php] (SKIPPED)
MOD DETAILS:
   modFile   : /home/shad1clothing/public_html/vqmod/xml/ultimatemegafilter.xml
   id        : UltimateMegaFilter
   version   : 1.0.x
   vqmver    : 2.4.1
   author    : Atizva
VQModObject::parseMods - Could not resolve path for [admin/language/en-gb/catalog/product.php] (SKIPPED)
----------------------------------------------------------------------


---------- Date: 2021-06-20 17:13:38 ~ IP : 154.183.200.247 ----------
REQUEST URI : /ar/%D8%B1%D8%AC%D8%A7%D9%84/852212144test.html
MOD DETAILS:
   modFile   : /home/shad1clothing/public_html/vqmod/xml/option_image_swap.xml
   id        : Option Image Swap
   version   : 3.0
   vqmver    : 2.5.1
   author    : Raul Marosan

File Name    : catalog/controller/product/product.php(1)
VQModObject::applyMod - SEARCH NOT FOUND (ABORTING MOD): 'thumb' => $this->model_tool_image->resize($result['image'], $this->config->get('config_image_additional_width'), $this->config->get('config_image_additional_height'))

----------------------------------------------------------------------


