---------- Date: 2021-06-24 20:00:58 ~ IP : 154.182.28.112 ----------
REQUEST URI : /op/board2/admin/index.php?route=extension/module&token=8d80eab0e8713940e570619a94a56b77
MOD DETAILS:
   modFile   : /home/sasa/public_html/op/board2/vqmod/xml/a_vqmod_d_compatibilty_fix_230.xml
   id        : d_compatibilty_fix_230
   version   : 1.0.0
   vqmver    : 2.1.1
   author    : Dreamvention.com
VQModObject::parseMods - Could not resolve path for [admin/controller/event/compatibility.php] (SKIPPED)
VQModObject::parseMods - Could not resolve path for [admin/controller/extension/extension/feed.php] (SKIPPED)
VQModObject::parseMods - Could not resolve path for [admin/controller/extension/extension/fraud.php] (SKIPPED)
VQModObject::parseMods - Could not resolve path for [admin/controller/extension/extension/module.php] (SKIPPED)
VQModObject::parseMods - Could not resolve path for [admin/controller/extension/extension/payment.php] (SKIPPED)
VQModObject::parseMods - Could not resolve path for [admin/controller/extension/extension/shipping.php] (SKIPPED)
VQModObject::parseMods - Could not resolve path for [admin/controller/extension/extension/theme.php] (SKIPPED)
VQModObject::parseMods - Could not resolve path for [admin/controller/extension/extension/total.php] (SKIPPED)
VQModObject::parseMods - Could not resolve path for [catalog/controller/event/compatibility.php] (SKIPPED)
VQModObject::parseMods - Could not resolve path for [system/library/cart/user.php] (SKIPPED)
VQModObject::parseMods - Could not resolve path for [system/config/catalog.php] (SKIPPED)

MOD DETAILS:
   modFile   : /home/sasa/public_html/op/board2/vqmod/xml/ultimatemegafilter.xml
   id        : UltimateMegaFilter
   version   : 1.0.x
   vqmver    : 2.4.1
   author    : Atizva
VQModObject::parseMods - Could not resolve path for [admin/language/en-gb/catalog/product.php] (SKIPPED)

----------------------------------------------------------------------


---------- Date: 2021-06-24 20:01:06 ~ IP : 154.182.28.112 ----------
REQUEST URI : /op/board2/admin/index.php?route=extension/module&token=8d80eab0e8713940e570619a94a56b77
MOD DETAILS:
   modFile   : /home/sasa/public_html/op/board2/vqmod/xml/a_vqmod_d_compatibilty_fix_230.xml
   id        : d_compatibilty_fix_230
   version   : 1.0.0
   vqmver    : 2.1.1
   author    : Dreamvention.com
VQModObject::parseMods - Could not resolve path for [admin/controller/event/compatibility.php] (SKIPPED)
VQModObject::parseMods - Could not resolve path for [admin/controller/extension/extension/feed.php] (SKIPPED)
VQModObject::parseMods - Could not resolve path for [admin/controller/extension/extension/fraud.php] (SKIPPED)
VQModObject::parseMods - Could not resolve path for [admin/controller/extension/extension/module.php] (SKIPPED)
VQModObject::parseMods - Could not resolve path for [admin/controller/extension/extension/payment.php] (SKIPPED)
VQModObject::parseMods - Could not resolve path for [admin/controller/extension/extension/shipping.php] (SKIPPED)
VQModObject::parseMods - Could not resolve path for [admin/controller/extension/extension/theme.php] (SKIPPED)
VQModObject::parseMods - Could not resolve path for [admin/controller/extension/extension/total.php] (SKIPPED)
VQModObject::parseMods - Could not resolve path for [catalog/controller/event/compatibility.php] (SKIPPED)
VQModObject::parseMods - Could not resolve path for [system/library/cart/user.php] (SKIPPED)
VQModObject::parseMods - Could not resolve path for [system/config/catalog.php] (SKIPPED)
MOD DETAILS:
   modFile   : /home/sasa/public_html/op/board2/vqmod/xml/a_vqmod_d_quickcheckout.xml
   id        : AJAX QUICK CHECKOUT V6 BY DREAMVENTION
   version   : 2.0.0.0
   vqmver    : 2.2.1
   author    : dreamvention.com
VQModObject::parseMods - Could not resolve path for [system/library/cart/tax.php] (SKIPPED)
MOD DETAILS:
   modFile   : /home/sasa/public_html/op/board2/vqmod/xml/ultimatemegafilter.xml
   id        : UltimateMegaFilter
   version   : 1.0.x
   vqmver    : 2.4.1
   author    : Atizva
VQModObject::parseMods - Could not resolve path for [admin/language/en-gb/catalog/product.php] (SKIPPED)
----------------------------------------------------------------------


---------- Date: 2021-06-24 20:10:11 ~ IP : 154.182.28.112 ----------
REQUEST URI : /op/board2/index.php?route=common/home
MOD DETAILS:
   modFile   : /home/sasa/public_html/op/board2/vqmod/xml/option_image_swap.xml
   id        : Option Image Swap
   version   : 3.0
   vqmver    : 2.5.1
   author    : Raul Marosan

File Name    : catalog/view/theme/*/template/module/bestseller.tpl(0)
VQModObject::applyMod - SEARCH NOT FOUND (ABORTING MOD): class="img-responsive" /></a>

----------------------------------------------------------------------


---------- Date: 2021-06-24 21:34:09 ~ IP : 154.182.28.112 ----------
REQUEST URI : /op/board2/admin/index.php?route=extension/modification&token=328267f7a87fc41a3f3cb85d1210f5d1
MOD DETAILS:
   modFile   : /home/sasa/public_html/op/board2/vqmod/xml/a_vqmod_d_compatibilty_fix_230.xml
   id        : d_compatibilty_fix_230
   version   : 1.0.0
   vqmver    : 2.1.1
   author    : Dreamvention.com
VQModObject::parseMods - Could not resolve path for [admin/controller/event/compatibility.php] (SKIPPED)
VQModObject::parseMods - Could not resolve path for [admin/controller/extension/extension/feed.php] (SKIPPED)
VQModObject::parseMods - Could not resolve path for [admin/controller/extension/extension/fraud.php] (SKIPPED)
VQModObject::parseMods - Could not resolve path for [admin/controller/extension/extension/module.php] (SKIPPED)
VQModObject::parseMods - Could not resolve path for [admin/controller/extension/extension/payment.php] (SKIPPED)
VQModObject::parseMods - Could not resolve path for [admin/controller/extension/extension/shipping.php] (SKIPPED)
VQModObject::parseMods - Could not resolve path for [admin/controller/extension/extension/theme.php] (SKIPPED)
VQModObject::parseMods - Could not resolve path for [admin/controller/extension/extension/total.php] (SKIPPED)
VQModObject::parseMods - Could not resolve path for [catalog/controller/event/compatibility.php] (SKIPPED)
VQModObject::parseMods - Could not resolve path for [system/library/cart/user.php] (SKIPPED)
VQModObject::parseMods - Could not resolve path for [system/config/catalog.php] (SKIPPED)
MOD DETAILS:
   modFile   : /home/sasa/public_html/op/board2/vqmod/xml/a_vqmod_d_quickcheckout.xml
   id        : AJAX QUICK CHECKOUT V6 BY DREAMVENTION
   version   : 2.0.0.0
   vqmver    : 2.2.1
   author    : dreamvention.com
VQModObject::parseMods - Could not resolve path for [system/library/cart/tax.php] (SKIPPED)
MOD DETAILS:
   modFile   : /home/sasa/public_html/op/board2/vqmod/xml/ultimatemegafilter.xml
   id        : UltimateMegaFilter
   version   : 1.0.x
   vqmver    : 2.4.1
   author    : Atizva
VQModObject::parseMods - Could not resolve path for [admin/language/en-gb/catalog/product.php] (SKIPPED)
----------------------------------------------------------------------


