2021-08-08 21:51:08 - PHP Notice:  session_start(): ps_files_cleanup_dir: opendir(/var/lib/lsphp/session/lsphp70) failed: Permission denied (13) in /home/shad-one.com/public_html/system/library/session.php on line 12
2021-08-08 22:13:06 - PHP Notice:  Undefined variable: quick_view in /home/shad-one.com/public_html/system/modification/catalog/view/theme/default/template/product/product.tpl on line 553
2021-08-08 22:13:06 - PHP Notice:  Undefined variable: quick_view in /home/shad-one.com/public_html/system/modification/catalog/view/theme/default/template/product/product.tpl on line 553
2021-08-08 22:13:06 - PHP Notice:  Undefined variable: quick_view in /home/shad-one.com/public_html/system/modification/catalog/view/theme/default/template/product/product.tpl on line 553
2021-08-08 22:13:06 - PHP Notice:  Undefined variable: quick_view in /home/shad-one.com/public_html/system/modification/catalog/view/theme/default/template/product/product.tpl on line 553
2021-08-08 22:38:27 - PHP Notice:  Undefined variable: quick_view in /home/shad-one.com/public_html/system/modification/catalog/view/theme/default/template/product/product.tpl on line 553
2021-08-08 22:38:27 - PHP Notice:  Undefined variable: quick_view in /home/shad-one.com/public_html/system/modification/catalog/view/theme/default/template/product/product.tpl on line 553
2021-08-08 22:38:27 - PHP Notice:  Undefined variable: quick_view in /home/shad-one.com/public_html/system/modification/catalog/view/theme/default/template/product/product.tpl on line 553
2021-08-08 22:38:27 - PHP Notice:  Undefined variable: quick_view in /home/shad-one.com/public_html/system/modification/catalog/view/theme/default/template/product/product.tpl on line 553
2021-08-08 23:13:56 - PHP Notice:  Undefined variable: quick_view in /home/shad-one.com/public_html/system/modification/catalog/view/theme/default/template/product/product.tpl on line 553
2021-08-08 23:13:56 - PHP Notice:  Undefined variable: quick_view in /home/shad-one.com/public_html/system/modification/catalog/view/theme/default/template/product/product.tpl on line 553
2021-08-08 23:13:56 - PHP Notice:  Undefined variable: quick_view in /home/shad-one.com/public_html/system/modification/catalog/view/theme/default/template/product/product.tpl on line 553
2021-08-09 0:58:37 - PHP Notice:  Undefined variable: quick_view in /home/shad-one.com/public_html/system/modification/catalog/view/theme/default/template/product/product.tpl on line 553
2021-08-09 0:58:37 - PHP Notice:  Undefined variable: quick_view in /home/shad-one.com/public_html/system/modification/catalog/view/theme/default/template/product/product.tpl on line 553
2021-08-09 0:58:37 - PHP Notice:  Undefined variable: quick_view in /home/shad-one.com/public_html/system/modification/catalog/view/theme/default/template/product/product.tpl on line 553
2021-08-09 0:58:37 - PHP Notice:  Undefined variable: quick_view in /home/shad-one.com/public_html/system/modification/catalog/view/theme/default/template/product/product.tpl on line 553
2021-08-09 0:58:37 - PHP Notice:  Undefined variable: quick_view in /home/shad-one.com/public_html/system/modification/catalog/view/theme/default/template/product/product.tpl on line 553
2021-08-09 0:58:37 - PHP Notice:  Undefined variable: quick_view in /home/shad-one.com/public_html/system/modification/catalog/view/theme/default/template/product/product.tpl on line 553
2021-08-09 1:44:24 - PHP Notice:  Undefined variable: quick_view in /home/shad-one.com/public_html/system/modification/catalog/view/theme/default/template/product/product.tpl on line 553
2021-08-09 1:44:24 - PHP Notice:  Undefined variable: quick_view in /home/shad-one.com/public_html/system/modification/catalog/view/theme/default/template/product/product.tpl on line 553
2021-08-09 1:44:24 - PHP Notice:  Undefined variable: quick_view in /home/shad-one.com/public_html/system/modification/catalog/view/theme/default/template/product/product.tpl on line 553
2021-08-09 1:44:24 - PHP Notice:  Undefined variable: quick_view in /home/shad-one.com/public_html/system/modification/catalog/view/theme/default/template/product/product.tpl on line 553
2021-08-09 2:58:43 - PHP Notice:  Undefined variable: quick_view in /home/shad-one.com/public_html/system/modification/catalog/view/theme/default/template/product/product.tpl on line 553
2021-08-09 2:58:43 - PHP Notice:  Undefined variable: quick_view in /home/shad-one.com/public_html/system/modification/catalog/view/theme/default/template/product/product.tpl on line 553
2021-08-09 2:58:43 - PHP Notice:  Undefined variable: quick_view in /home/shad-one.com/public_html/system/modification/catalog/view/theme/default/template/product/product.tpl on line 553
2021-08-09 2:58:43 - PHP Notice:  Undefined variable: quick_view in /home/shad-one.com/public_html/system/modification/catalog/view/theme/default/template/product/product.tpl on line 553
2021-08-09 2:58:43 - PHP Notice:  Undefined variable: quick_view in /home/shad-one.com/public_html/system/modification/catalog/view/theme/default/template/product/product.tpl on line 553
2021-08-09 3:01:55 - PHP Notice:  Undefined variable: text_out_of_stock in /home/shad-one.com/public_html/system/modification/catalog/view/theme/default/template/product/category.tpl on line 139
2021-08-09 3:01:55 - PHP Notice:  Undefined variable: text_out_of_stock in /home/shad-one.com/public_html/system/modification/catalog/view/theme/default/template/product/category.tpl on line 139
2021-08-09 3:01:55 - PHP Notice:  Undefined variable: text_out_of_stock in /home/shad-one.com/public_html/system/modification/catalog/view/theme/default/template/product/category.tpl on line 139
2021-08-09 3:01:55 - PHP Notice:  Undefined variable: text_out_of_stock in /home/shad-one.com/public_html/system/modification/catalog/view/theme/default/template/product/category.tpl on line 139
2021-08-09 3:01:55 - PHP Notice:  Undefined variable: text_out_of_stock in /home/shad-one.com/public_html/system/modification/catalog/view/theme/default/template/product/category.tpl on line 139
2021-08-09 3:01:55 - PHP Notice:  Undefined variable: text_out_of_stock in /home/shad-one.com/public_html/system/modification/catalog/view/theme/default/template/product/category.tpl on line 139
2021-08-09 7:21:58 - 626327
2021-08-09 7:22:25 - PHP Notice:  Undefined index: verify_status in /home/shad-one.com/public_html/system/modification/catalog/controller/common/header.php on line 111
2021-08-09 7:22:35 - PHP Notice:  Undefined variable: text_out_of_stock in /home/shad-one.com/public_html/system/modification/catalog/view/theme/default/template/product/category.tpl on line 139
2021-08-09 7:22:35 - PHP Notice:  Undefined variable: text_out_of_stock in /home/shad-one.com/public_html/system/modification/catalog/view/theme/default/template/product/category.tpl on line 139
2021-08-09 7:22:35 - PHP Notice:  Undefined variable: text_out_of_stock in /home/shad-one.com/public_html/system/modification/catalog/view/theme/default/template/product/category.tpl on line 139
2021-08-09 7:22:35 - PHP Notice:  Undefined variable: text_out_of_stock in /home/shad-one.com/public_html/system/modification/catalog/view/theme/default/template/product/category.tpl on line 139
2021-08-09 7:22:35 - PHP Notice:  Undefined variable: text_out_of_stock in /home/shad-one.com/public_html/system/modification/catalog/view/theme/default/template/product/category.tpl on line 139
2021-08-09 7:22:35 - PHP Notice:  Undefined variable: text_out_of_stock in /home/shad-one.com/public_html/system/modification/catalog/view/theme/default/template/product/category.tpl on line 139
2021-08-09 7:22:35 - PHP Notice:  Undefined index: minimum in /home/shad-one.com/public_html/system/modification/catalog/view/theme/default/template/module/ultimatemegafilter_products.tpl on line 66
2021-08-09 7:22:35 - PHP Notice:  Undefined index: minimum in /home/shad-one.com/public_html/system/modification/catalog/view/theme/default/template/module/ultimatemegafilter_products.tpl on line 66
2021-08-09 7:22:35 - PHP Notice:  Undefined index: minimum in /home/shad-one.com/public_html/system/modification/catalog/view/theme/default/template/module/ultimatemegafilter_products.tpl on line 66
2021-08-09 7:22:35 - PHP Notice:  Undefined index: minimum in /home/shad-one.com/public_html/system/modification/catalog/view/theme/default/template/module/ultimatemegafilter_products.tpl on line 66
2021-08-09 7:22:35 - PHP Notice:  Undefined index: minimum in /home/shad-one.com/public_html/system/modification/catalog/view/theme/default/template/module/ultimatemegafilter_products.tpl on line 66
2021-08-09 7:22:35 - PHP Notice:  Undefined index: minimum in /home/shad-one.com/public_html/system/modification/catalog/view/theme/default/template/module/ultimatemegafilter_products.tpl on line 66
2021-08-09 7:22:40 - PHP Notice:  Undefined variable: quick_view in /home/shad-one.com/public_html/system/modification/catalog/view/theme/default/template/product/product.tpl on line 553
2021-08-09 7:22:40 - PHP Notice:  Undefined variable: quick_view in /home/shad-one.com/public_html/system/modification/catalog/view/theme/default/template/product/product.tpl on line 553
2021-08-09 7:22:40 - PHP Notice:  Undefined variable: quick_view in /home/shad-one.com/public_html/system/modification/catalog/view/theme/default/template/product/product.tpl on line 553
2021-08-09 7:22:40 - PHP Notice:  Undefined variable: quick_view in /home/shad-one.com/public_html/system/modification/catalog/view/theme/default/template/product/product.tpl on line 553
2021-08-09 7:22:40 - PHP Notice:  Undefined variable: quick_view in /home/shad-one.com/public_html/system/modification/catalog/view/theme/default/template/product/product.tpl on line 553
2021-08-09 7:22:40 - PHP Notice:  Undefined variable: quick_view in /home/shad-one.com/public_html/system/modification/catalog/view/theme/default/template/product/product.tpl on line 553
2021-08-09 7:22:49 - PHP Notice:  Undefined index: verify_status in /home/shad-one.com/public_html/system/modification/catalog/controller/common/header.php on line 111
2021-08-09 7:22:52 - PHP Notice:  Undefined index: verify_status in /home/shad-one.com/public_html/system/modification/catalog/controller/common/header.php on line 111
2021-08-09 7:23:13 - PHP Notice:  Undefined index: verify_status in /home/shad-one.com/public_html/system/modification/catalog/controller/common/header.php on line 111
2021-08-09 7:26:30 - PHP Notice:  Undefined index: verify_status in /home/shad-one.com/public_html/system/modification/catalog/controller/common/header.php on line 111
2021-08-09 7:26:33 - PHP Notice:  Undefined index: verify_status in /home/shad-one.com/public_html/system/modification/catalog/controller/common/header.php on line 111
2021-08-09 7:26:45 - 950906
2021-08-09 7:29:06 - PHP Notice:  Undefined index: verify_status in /home/shad-one.com/public_html/system/modification/catalog/controller/common/header.php on line 111
2021-08-09 7:59:44 - PHP Notice:  Undefined variable: quick_view in /home/shad-one.com/public_html/system/modification/catalog/view/theme/default/template/product/product.tpl on line 553
2021-08-09 7:59:44 - PHP Notice:  Undefined variable: quick_view in /home/shad-one.com/public_html/system/modification/catalog/view/theme/default/template/product/product.tpl on line 553
2021-08-09 7:59:44 - PHP Notice:  Undefined variable: quick_view in /home/shad-one.com/public_html/system/modification/catalog/view/theme/default/template/product/product.tpl on line 553
2021-08-09 7:59:44 - PHP Notice:  Undefined variable: quick_view in /home/shad-one.com/public_html/system/modification/catalog/view/theme/default/template/product/product.tpl on line 553
2021-08-09 7:59:44 - PHP Notice:  Undefined variable: quick_view in /home/shad-one.com/public_html/system/modification/catalog/view/theme/default/template/product/product.tpl on line 553
2021-08-09 7:59:44 - PHP Notice:  Undefined variable: quick_view in /home/shad-one.com/public_html/system/modification/catalog/view/theme/default/template/product/product.tpl on line 553
2021-08-09 7:59:49 - PHP Notice:  Undefined variable: text_out_of_stock in /home/shad-one.com/public_html/system/modification/catalog/view/theme/default/template/product/category.tpl on line 139
2021-08-09 7:59:49 - PHP Notice:  Undefined variable: text_out_of_stock in /home/shad-one.com/public_html/system/modification/catalog/view/theme/default/template/product/category.tpl on line 139
2021-08-09 7:59:49 - PHP Notice:  Undefined variable: text_out_of_stock in /home/shad-one.com/public_html/system/modification/catalog/view/theme/default/template/product/category.tpl on line 139
2021-08-09 7:59:49 - PHP Notice:  Undefined variable: text_out_of_stock in /home/shad-one.com/public_html/system/modification/catalog/view/theme/default/template/product/category.tpl on line 139
2021-08-09 7:59:49 - PHP Notice:  Undefined variable: text_out_of_stock in /home/shad-one.com/public_html/system/modification/catalog/view/theme/default/template/product/category.tpl on line 139
2021-08-09 7:59:49 - PHP Notice:  Undefined variable: text_out_of_stock in /home/shad-one.com/public_html/system/modification/catalog/view/theme/default/template/product/category.tpl on line 139
2021-08-09 7:59:49 - PHP Notice:  Undefined variable: text_out_of_stock in /home/shad-one.com/public_html/system/modification/catalog/view/theme/default/template/product/category.tpl on line 139
2021-08-09 7:59:49 - PHP Notice:  Undefined variable: text_out_of_stock in /home/shad-one.com/public_html/system/modification/catalog/view/theme/default/template/product/category.tpl on line 139
2021-08-09 7:59:49 - PHP Notice:  Undefined variable: text_out_of_stock in /home/shad-one.com/public_html/system/modification/catalog/view/theme/default/template/product/category.tpl on line 139
2021-08-09 7:59:49 - PHP Notice:  Undefined variable: text_out_of_stock in /home/shad-one.com/public_html/system/modification/catalog/view/theme/default/template/product/category.tpl on line 139
2021-08-09 7:59:50 - PHP Notice:  Undefined index: minimum in /home/shad-one.com/public_html/system/modification/catalog/view/theme/default/template/module/ultimatemegafilter_products.tpl on line 66
2021-08-09 7:59:50 - PHP Notice:  Undefined index: minimum in /home/shad-one.com/public_html/system/modification/catalog/view/theme/default/template/module/ultimatemegafilter_products.tpl on line 66
2021-08-09 7:59:50 - PHP Notice:  Undefined index: minimum in /home/shad-one.com/public_html/system/modification/catalog/view/theme/default/template/module/ultimatemegafilter_products.tpl on line 66
2021-08-09 7:59:50 - PHP Notice:  Undefined index: minimum in /home/shad-one.com/public_html/system/modification/catalog/view/theme/default/template/module/ultimatemegafilter_products.tpl on line 66
2021-08-09 7:59:50 - PHP Notice:  Undefined index: minimum in /home/shad-one.com/public_html/system/modification/catalog/view/theme/default/template/module/ultimatemegafilter_products.tpl on line 66
2021-08-09 7:59:50 - PHP Notice:  Undefined index: minimum in /home/shad-one.com/public_html/system/modification/catalog/view/theme/default/template/module/ultimatemegafilter_products.tpl on line 66
2021-08-09 7:59:50 - PHP Notice:  Undefined index: minimum in /home/shad-one.com/public_html/system/modification/catalog/view/theme/default/template/module/ultimatemegafilter_products.tpl on line 66
2021-08-09 7:59:50 - PHP Notice:  Undefined index: minimum in /home/shad-one.com/public_html/system/modification/catalog/view/theme/default/template/module/ultimatemegafilter_products.tpl on line 66
2021-08-09 7:59:50 - PHP Notice:  Undefined index: minimum in /home/shad-one.com/public_html/system/modification/catalog/view/theme/default/template/module/ultimatemegafilter_products.tpl on line 66
2021-08-09 7:59:50 - PHP Notice:  Undefined index: minimum in /home/shad-one.com/public_html/system/modification/catalog/view/theme/default/template/module/ultimatemegafilter_products.tpl on line 66
2021-08-09 7:59:55 - PHP Notice:  Undefined variable: quick_view in /home/shad-one.com/public_html/system/modification/catalog/view/theme/default/template/product/product.tpl on line 553
2021-08-09 7:59:55 - PHP Notice:  Undefined variable: quick_view in /home/shad-one.com/public_html/system/modification/catalog/view/theme/default/template/product/product.tpl on line 553
2021-08-09 7:59:55 - PHP Notice:  Undefined variable: quick_view in /home/shad-one.com/public_html/system/modification/catalog/view/theme/default/template/product/product.tpl on line 553
2021-08-09 7:59:55 - PHP Notice:  Undefined variable: quick_view in /home/shad-one.com/public_html/system/modification/catalog/view/theme/default/template/product/product.tpl on line 553
2021-08-09 7:59:55 - PHP Notice:  Undefined variable: quick_view in /home/shad-one.com/public_html/system/modification/catalog/view/theme/default/template/product/product.tpl on line 553
2021-08-09 8:00:37 - PHP Notice:  Undefined variable: quick_view in /home/shad-one.com/public_html/system/modification/catalog/view/theme/default/template/product/product.tpl on line 553
2021-08-09 8:00:37 - PHP Notice:  Undefined variable: quick_view in /home/shad-one.com/public_html/system/modification/catalog/view/theme/default/template/product/product.tpl on line 553
2021-08-09 8:00:37 - PHP Notice:  Undefined variable: quick_view in /home/shad-one.com/public_html/system/modification/catalog/view/theme/default/template/product/product.tpl on line 553
2021-08-09 8:00:58 - PHP Notice:  Undefined variable: quick_view in /home/shad-one.com/public_html/system/modification/catalog/view/theme/default/template/product/product.tpl on line 553
2021-08-09 8:00:58 - PHP Notice:  Undefined variable: quick_view in /home/shad-one.com/public_html/system/modification/catalog/view/theme/default/template/product/product.tpl on line 553
2021-08-09 8:00:58 - PHP Notice:  Undefined variable: quick_view in /home/shad-one.com/public_html/system/modification/catalog/view/theme/default/template/product/product.tpl on line 553
2021-08-09 8:00:58 - PHP Notice:  Undefined variable: quick_view in /home/shad-one.com/public_html/system/modification/catalog/view/theme/default/template/product/product.tpl on line 553
2021-08-09 8:00:58 - PHP Notice:  Undefined variable: quick_view in /home/shad-one.com/public_html/system/modification/catalog/view/theme/default/template/product/product.tpl on line 553
2021-08-09 8:01:18 - PHP Notice:  Undefined variable: text_out_of_stock in /home/shad-one.com/public_html/system/modification/catalog/view/theme/default/template/product/category.tpl on line 139
2021-08-09 8:01:18 - PHP Notice:  Undefined variable: text_out_of_stock in /home/shad-one.com/public_html/system/modification/catalog/view/theme/default/template/product/category.tpl on line 139
2021-08-09 8:01:18 - PHP Notice:  Undefined variable: text_out_of_stock in /home/shad-one.com/public_html/system/modification/catalog/view/theme/default/template/product/category.tpl on line 139
2021-08-09 8:01:18 - PHP Notice:  Undefined variable: text_out_of_stock in /home/shad-one.com/public_html/system/modification/catalog/view/theme/default/template/product/category.tpl on line 139
2021-08-09 8:01:18 - PHP Notice:  Undefined variable: text_out_of_stock in /home/shad-one.com/public_html/system/modification/catalog/view/theme/default/template/product/category.tpl on line 139
2021-08-09 8:01:18 - PHP Notice:  Undefined variable: text_out_of_stock in /home/shad-one.com/public_html/system/modification/catalog/view/theme/default/template/product/category.tpl on line 139
2021-08-09 8:01:18 - PHP Notice:  Undefined variable: text_out_of_stock in /home/shad-one.com/public_html/system/modification/catalog/view/theme/default/template/product/category.tpl on line 139
2021-08-09 8:01:18 - PHP Notice:  Undefined variable: text_out_of_stock in /home/shad-one.com/public_html/system/modification/catalog/view/theme/default/template/product/category.tpl on line 139
2021-08-09 8:01:18 - PHP Notice:  Undefined variable: text_out_of_stock in /home/shad-one.com/public_html/system/modification/catalog/view/theme/default/template/product/category.tpl on line 139
2021-08-09 8:01:18 - PHP Notice:  Undefined variable: text_out_of_stock in /home/shad-one.com/public_html/system/modification/catalog/view/theme/default/template/product/category.tpl on line 139
2021-08-09 8:01:18 - PHP Notice:  Undefined variable: text_out_of_stock in /home/shad-one.com/public_html/system/modification/catalog/view/theme/default/template/product/category.tpl on line 139
2021-08-09 8:01:18 - PHP Notice:  Undefined variable: text_out_of_stock in /home/shad-one.com/public_html/system/modification/catalog/view/theme/default/template/product/category.tpl on line 139
2021-08-09 8:01:18 - PHP Notice:  Undefined variable: text_out_of_stock in /home/shad-one.com/public_html/system/modification/catalog/view/theme/default/template/product/category.tpl on line 139
2021-08-09 8:01:18 - PHP Notice:  Undefined variable: text_out_of_stock in /home/shad-one.com/public_html/system/modification/catalog/view/theme/default/template/product/category.tpl on line 139
2021-08-09 8:01:18 - PHP Notice:  Undefined index: minimum in /home/shad-one.com/public_html/system/modification/catalog/view/theme/default/template/module/ultimatemegafilter_products.tpl on line 66
2021-08-09 8:01:18 - PHP Notice:  Undefined index: minimum in /home/shad-one.com/public_html/system/modification/catalog/view/theme/default/template/module/ultimatemegafilter_products.tpl on line 66
2021-08-09 8:01:18 - PHP Notice:  Undefined index: minimum in /home/shad-one.com/public_html/system/modification/catalog/view/theme/default/template/module/ultimatemegafilter_products.tpl on line 66
2021-08-09 8:01:18 - PHP Notice:  Undefined index: minimum in /home/shad-one.com/public_html/system/modification/catalog/view/theme/default/template/module/ultimatemegafilter_products.tpl on line 66
2021-08-09 8:01:18 - PHP Notice:  Undefined index: minimum in /home/shad-one.com/public_html/system/modification/catalog/view/theme/default/template/module/ultimatemegafilter_products.tpl on line 66
2021-08-09 8:01:18 - PHP Notice:  Undefined index: minimum in /home/shad-one.com/public_html/system/modification/catalog/view/theme/default/template/module/ultimatemegafilter_products.tpl on line 66
2021-08-09 8:01:18 - PHP Notice:  Undefined index: minimum in /home/shad-one.com/public_html/system/modification/catalog/view/theme/default/template/module/ultimatemegafilter_products.tpl on line 66
2021-08-09 8:01:18 - PHP Notice:  Undefined index: minimum in /home/shad-one.com/public_html/system/modification/catalog/view/theme/default/template/module/ultimatemegafilter_products.tpl on line 66
2021-08-09 8:01:18 - PHP Notice:  Undefined index: minimum in /home/shad-one.com/public_html/system/modification/catalog/view/theme/default/template/module/ultimatemegafilter_products.tpl on line 66
2021-08-09 8:01:18 - PHP Notice:  Undefined index: minimum in /home/shad-one.com/public_html/system/modification/catalog/view/theme/default/template/module/ultimatemegafilter_products.tpl on line 66
2021-08-09 8:01:18 - PHP Notice:  Undefined index: minimum in /home/shad-one.com/public_html/system/modification/catalog/view/theme/default/template/module/ultimatemegafilter_products.tpl on line 66
2021-08-09 8:01:18 - PHP Notice:  Undefined index: minimum in /home/shad-one.com/public_html/system/modification/catalog/view/theme/default/template/module/ultimatemegafilter_products.tpl on line 66
2021-08-09 8:01:18 - PHP Notice:  Undefined index: minimum in /home/shad-one.com/public_html/system/modification/catalog/view/theme/default/template/module/ultimatemegafilter_products.tpl on line 66
2021-08-09 8:01:18 - PHP Notice:  Undefined index: minimum in /home/shad-one.com/public_html/system/modification/catalog/view/theme/default/template/module/ultimatemegafilter_products.tpl on line 66
2021-08-09 8:01:24 - PHP Notice:  Undefined variable: quick_view in /home/shad-one.com/public_html/system/modification/catalog/view/theme/default/template/product/product.tpl on line 553
2021-08-09 8:01:24 - PHP Notice:  Undefined variable: quick_view in /home/shad-one.com/public_html/system/modification/catalog/view/theme/default/template/product/product.tpl on line 553
2021-08-09 8:01:24 - PHP Notice:  Undefined variable: quick_view in /home/shad-one.com/public_html/system/modification/catalog/view/theme/default/template/product/product.tpl on line 553
2021-08-09 8:01:43 - PHP Notice:  Undefined variable: quick_view in /home/shad-one.com/public_html/system/modification/catalog/view/theme/default/template/product/product.tpl on line 553
2021-08-09 8:01:43 - PHP Notice:  Undefined variable: quick_view in /home/shad-one.com/public_html/system/modification/catalog/view/theme/default/template/product/product.tpl on line 553
2021-08-09 8:01:43 - PHP Notice:  Undefined variable: quick_view in /home/shad-one.com/public_html/system/modification/catalog/view/theme/default/template/product/product.tpl on line 553
2021-08-09 8:01:43 - PHP Notice:  Undefined variable: quick_view in /home/shad-one.com/public_html/system/modification/catalog/view/theme/default/template/product/product.tpl on line 553
2021-08-09 8:02:02 - PHP Notice:  Undefined variable: quick_view in /home/shad-one.com/public_html/system/modification/catalog/view/theme/default/template/product/product.tpl on line 553
2021-08-09 8:02:02 - PHP Notice:  Undefined variable: quick_view in /home/shad-one.com/public_html/system/modification/catalog/view/theme/default/template/product/product.tpl on line 553
2021-08-09 8:02:02 - PHP Notice:  Undefined variable: quick_view in /home/shad-one.com/public_html/system/modification/catalog/view/theme/default/template/product/product.tpl on line 553
2021-08-09 11:46:05 - PHP Notice:  Undefined variable: quick_view in /home/shad-one.com/public_html/system/modification/catalog/view/theme/default/template/product/product.tpl on line 553
2021-08-09 11:46:05 - PHP Notice:  Undefined variable: quick_view in /home/shad-one.com/public_html/system/modification/catalog/view/theme/default/template/product/product.tpl on line 553
2021-08-09 11:46:05 - PHP Notice:  Undefined variable: quick_view in /home/shad-one.com/public_html/system/modification/catalog/view/theme/default/template/product/product.tpl on line 553
2021-08-09 11:56:49 - PHP Notice:  Undefined variable: quick_view in /home/shad-one.com/public_html/system/modification/catalog/view/theme/default/template/product/product.tpl on line 553
2021-08-09 11:56:49 - PHP Notice:  Undefined variable: quick_view in /home/shad-one.com/public_html/system/modification/catalog/view/theme/default/template/product/product.tpl on line 553
2021-08-09 11:56:49 - PHP Notice:  Undefined variable: quick_view in /home/shad-one.com/public_html/system/modification/catalog/view/theme/default/template/product/product.tpl on line 553
2021-08-09 11:56:49 - PHP Notice:  Undefined variable: quick_view in /home/shad-one.com/public_html/system/modification/catalog/view/theme/default/template/product/product.tpl on line 553
2021-08-09 11:56:49 - PHP Notice:  Undefined variable: quick_view in /home/shad-one.com/public_html/system/modification/catalog/view/theme/default/template/product/product.tpl on line 553
2021-08-09 12:24:34 - PHP Notice:  Undefined variable: quick_view in /home/shad-one.com/public_html/system/modification/catalog/view/theme/default/template/product/product.tpl on line 553
2021-08-09 12:24:34 - PHP Notice:  Undefined variable: quick_view in /home/shad-one.com/public_html/system/modification/catalog/view/theme/default/template/product/product.tpl on line 553
2021-08-09 12:24:34 - PHP Notice:  Undefined variable: quick_view in /home/shad-one.com/public_html/system/modification/catalog/view/theme/default/template/product/product.tpl on line 553
2021-08-09 13:18:46 - PHP Notice:  Undefined variable: text_out_of_stock in /home/shad-one.com/public_html/system/modification/catalog/view/theme/default/template/product/category.tpl on line 139
2021-08-09 13:18:46 - PHP Notice:  Undefined variable: text_out_of_stock in /home/shad-one.com/public_html/system/modification/catalog/view/theme/default/template/product/category.tpl on line 139
2021-08-09 13:18:46 - PHP Notice:  Undefined variable: text_out_of_stock in /home/shad-one.com/public_html/system/modification/catalog/view/theme/default/template/product/category.tpl on line 139
2021-08-09 13:18:46 - PHP Notice:  Undefined variable: text_out_of_stock in /home/shad-one.com/public_html/system/modification/catalog/view/theme/default/template/product/category.tpl on line 139
2021-08-09 13:18:46 - PHP Notice:  Undefined variable: text_out_of_stock in /home/shad-one.com/public_html/system/modification/catalog/view/theme/default/template/product/category.tpl on line 139
2021-08-09 13:18:46 - PHP Notice:  Undefined variable: text_out_of_stock in /home/shad-one.com/public_html/system/modification/catalog/view/theme/default/template/product/category.tpl on line 139
2021-08-09 13:18:46 - PHP Notice:  Undefined variable: text_out_of_stock in /home/shad-one.com/public_html/system/modification/catalog/view/theme/default/template/product/category.tpl on line 139
2021-08-09 13:18:46 - PHP Notice:  Undefined variable: text_out_of_stock in /home/shad-one.com/public_html/system/modification/catalog/view/theme/default/template/product/category.tpl on line 139
2021-08-09 13:18:46 - PHP Notice:  Undefined variable: text_out_of_stock in /home/shad-one.com/public_html/system/modification/catalog/view/theme/default/template/product/category.tpl on line 139
2021-08-09 13:18:46 - PHP Notice:  Undefined variable: text_out_of_stock in /home/shad-one.com/public_html/system/modification/catalog/view/theme/default/template/product/category.tpl on line 139
2021-08-09 13:18:46 - PHP Notice:  Undefined variable: text_out_of_stock in /home/shad-one.com/public_html/system/modification/catalog/view/theme/default/template/product/category.tpl on line 139
2021-08-09 13:18:46 - PHP Notice:  Undefined variable: text_out_of_stock in /home/shad-one.com/public_html/system/modification/catalog/view/theme/default/template/product/category.tpl on line 139
2021-08-09 13:18:46 - PHP Notice:  Undefined variable: text_out_of_stock in /home/shad-one.com/public_html/system/modification/catalog/view/theme/default/template/product/category.tpl on line 139
2021-08-09 13:18:46 - PHP Notice:  Undefined variable: text_out_of_stock in /home/shad-one.com/public_html/system/modification/catalog/view/theme/default/template/product/category.tpl on line 139
2021-08-09 13:18:47 - PHP Notice:  Undefined variable: quick_view in /home/shad-one.com/public_html/system/modification/catalog/view/theme/default/template/product/product.tpl on line 553
2021-08-09 13:18:47 - PHP Notice:  Undefined variable: quick_view in /home/shad-one.com/public_html/system/modification/catalog/view/theme/default/template/product/product.tpl on line 553
2021-08-09 13:18:47 - PHP Notice:  Undefined variable: quick_view in /home/shad-one.com/public_html/system/modification/catalog/view/theme/default/template/product/product.tpl on line 553
2021-08-09 13:18:47 - PHP Notice:  Undefined variable: quick_view in /home/shad-one.com/public_html/system/modification/catalog/view/theme/default/template/product/product.tpl on line 553
2021-08-09 13:18:48 - PHP Notice:  Undefined variable: text_out_of_stock in /home/shad-one.com/public_html/system/modification/catalog/view/theme/default/template/product/category.tpl on line 139
2021-08-09 13:18:48 - PHP Notice:  Undefined variable: text_out_of_stock in /home/shad-one.com/public_html/system/modification/catalog/view/theme/default/template/product/category.tpl on line 139
2021-08-09 13:18:48 - PHP Notice:  Undefined variable: text_out_of_stock in /home/shad-one.com/public_html/system/modification/catalog/view/theme/default/template/product/category.tpl on line 139
2021-08-09 13:18:48 - PHP Notice:  Undefined variable: text_out_of_stock in /home/shad-one.com/public_html/system/modification/catalog/view/theme/default/template/product/category.tpl on line 139
2021-08-09 13:18:48 - PHP Notice:  Undefined variable: text_out_of_stock in /home/shad-one.com/public_html/system/modification/catalog/view/theme/default/template/product/category.tpl on line 139
2021-08-09 13:18:48 - PHP Notice:  Undefined variable: text_out_of_stock in /home/shad-one.com/public_html/system/modification/catalog/view/theme/default/template/product/category.tpl on line 139
2021-08-09 13:18:48 - PHP Notice:  Undefined variable: text_out_of_stock in /home/shad-one.com/public_html/system/modification/catalog/view/theme/default/template/product/category.tpl on line 139
2021-08-09 13:18:48 - PHP Notice:  Undefined variable: text_out_of_stock in /home/shad-one.com/public_html/system/modification/catalog/view/theme/default/template/product/category.tpl on line 139
2021-08-09 13:18:48 - PHP Notice:  Undefined variable: text_out_of_stock in /home/shad-one.com/public_html/system/modification/catalog/view/theme/default/template/product/category.tpl on line 139
2021-08-09 13:18:48 - PHP Notice:  Undefined variable: text_out_of_stock in /home/shad-one.com/public_html/system/modification/catalog/view/theme/default/template/product/category.tpl on line 139
2021-08-09 13:18:48 - PHP Notice:  Undefined variable: quick_view in /home/shad-one.com/public_html/system/modification/catalog/view/theme/default/template/product/product.tpl on line 553
2021-08-09 13:18:48 - PHP Notice:  Undefined variable: quick_view in /home/shad-one.com/public_html/system/modification/catalog/view/theme/default/template/product/product.tpl on line 553
2021-08-09 13:18:48 - PHP Notice:  Undefined variable: quick_view in /home/shad-one.com/public_html/system/modification/catalog/view/theme/default/template/product/product.tpl on line 553
2021-08-09 13:18:49 - PHP Notice:  Undefined variable: quick_view in /home/shad-one.com/public_html/system/modification/catalog/view/theme/default/template/product/product.tpl on line 553
2021-08-09 13:18:49 - PHP Notice:  Undefined variable: quick_view in /home/shad-one.com/public_html/system/modification/catalog/view/theme/default/template/product/product.tpl on line 553
2021-08-09 13:18:49 - PHP Notice:  Undefined variable: quick_view in /home/shad-one.com/public_html/system/modification/catalog/view/theme/default/template/product/product.tpl on line 553
2021-08-09 13:18:49 - PHP Notice:  Undefined variable: quick_view in /home/shad-one.com/public_html/system/modification/catalog/view/theme/default/template/product/product.tpl on line 553
2021-08-09 13:18:49 - PHP Notice:  Undefined variable: quick_view in /home/shad-one.com/public_html/system/modification/catalog/view/theme/default/template/product/product.tpl on line 553
2021-08-09 13:18:49 - PHP Notice:  Undefined variable: quick_view in /home/shad-one.com/public_html/system/modification/catalog/view/theme/default/template/product/product.tpl on line 553
2021-08-09 13:18:49 - PHP Notice:  Undefined variable: quick_view in /home/shad-one.com/public_html/system/modification/catalog/view/theme/default/template/product/product.tpl on line 553
2021-08-09 13:18:49 - PHP Notice:  Undefined variable: quick_view in /home/shad-one.com/public_html/system/modification/catalog/view/theme/default/template/product/product.tpl on line 553
2021-08-09 13:18:49 - PHP Notice:  Undefined variable: quick_view in /home/shad-one.com/public_html/system/modification/catalog/view/theme/default/template/product/product.tpl on line 553
2021-08-09 13:18:50 - PHP Notice:  Undefined variable: quick_view in /home/shad-one.com/public_html/system/modification/catalog/view/theme/default/template/product/product.tpl on line 553
2021-08-09 13:18:50 - PHP Notice:  Undefined variable: quick_view in /home/shad-one.com/public_html/system/modification/catalog/view/theme/default/template/product/product.tpl on line 553
2021-08-09 13:18:50 - PHP Notice:  Undefined variable: quick_view in /home/shad-one.com/public_html/system/modification/catalog/view/theme/default/template/product/product.tpl on line 553
2021-08-09 13:18:50 - PHP Notice:  Undefined variable: quick_view in /home/shad-one.com/public_html/system/modification/catalog/view/theme/default/template/product/product.tpl on line 553
2021-08-09 13:18:50 - PHP Notice:  Undefined variable: quick_view in /home/shad-one.com/public_html/system/modification/catalog/view/theme/default/template/product/product.tpl on line 553
2021-08-09 13:18:50 - PHP Notice:  Undefined variable: quick_view in /home/shad-one.com/public_html/system/modification/catalog/view/theme/default/template/product/product.tpl on line 553
2021-08-09 13:18:50 - PHP Notice:  Undefined variable: quick_view in /home/shad-one.com/public_html/system/modification/catalog/view/theme/default/template/product/product.tpl on line 553
2021-08-09 13:18:50 - PHP Notice:  Undefined variable: quick_view in /home/shad-one.com/public_html/system/modification/catalog/view/theme/default/template/product/product.tpl on line 553
2021-08-09 13:18:51 - PHP Notice:  Undefined variable: quick_view in /home/shad-one.com/public_html/system/modification/catalog/view/theme/default/template/product/product.tpl on line 553
2021-08-09 13:18:51 - PHP Notice:  Undefined variable: quick_view in /home/shad-one.com/public_html/system/modification/catalog/view/theme/default/template/product/product.tpl on line 553
2021-08-09 13:18:51 - PHP Notice:  Undefined variable: quick_view in /home/shad-one.com/public_html/system/modification/catalog/view/theme/default/template/product/product.tpl on line 553
2021-08-09 13:18:52 - PHP Notice:  Undefined variable: quick_view in /home/shad-one.com/public_html/system/modification/catalog/view/theme/default/template/product/product.tpl on line 553
2021-08-09 13:18:52 - PHP Notice:  Undefined variable: quick_view in /home/shad-one.com/public_html/system/modification/catalog/view/theme/default/template/product/product.tpl on line 553
2021-08-09 13:18:52 - PHP Notice:  Undefined variable: quick_view in /home/shad-one.com/public_html/system/modification/catalog/view/theme/default/template/product/product.tpl on line 553
2021-08-09 13:18:53 - PHP Notice:  Undefined variable: quick_view in /home/shad-one.com/public_html/system/modification/catalog/view/theme/default/template/product/product.tpl on line 553
2021-08-09 13:18:53 - PHP Notice:  Undefined variable: quick_view in /home/shad-one.com/public_html/system/modification/catalog/view/theme/default/template/product/product.tpl on line 553
2021-08-09 13:18:53 - PHP Notice:  Undefined variable: quick_view in /home/shad-one.com/public_html/system/modification/catalog/view/theme/default/template/product/product.tpl on line 553
2021-08-09 13:18:53 - PHP Notice:  Undefined variable: quick_view in /home/shad-one.com/public_html/system/modification/catalog/view/theme/default/template/product/product.tpl on line 553
2021-08-09 13:18:54 - PHP Notice:  Undefined variable: quick_view in /home/shad-one.com/public_html/system/modification/catalog/view/theme/default/template/product/product.tpl on line 553
2021-08-09 13:18:54 - PHP Notice:  Undefined variable: quick_view in /home/shad-one.com/public_html/system/modification/catalog/view/theme/default/template/product/product.tpl on line 553
2021-08-09 13:18:54 - PHP Notice:  Undefined variable: quick_view in /home/shad-one.com/public_html/system/modification/catalog/view/theme/default/template/product/product.tpl on line 553
2021-08-09 13:18:54 - PHP Notice:  Undefined variable: quick_view in /home/shad-one.com/public_html/system/modification/catalog/view/theme/default/template/product/product.tpl on line 553
2021-08-09 13:18:54 - PHP Notice:  Undefined variable: quick_view in /home/shad-one.com/public_html/system/modification/catalog/view/theme/default/template/product/product.tpl on line 553
2021-08-09 13:18:54 - PHP Notice:  Undefined variable: quick_view in /home/shad-one.com/public_html/system/modification/catalog/view/theme/default/template/product/product.tpl on line 553
2021-08-09 13:18:54 - PHP Notice:  Undefined variable: quick_view in /home/shad-one.com/public_html/system/modification/catalog/view/theme/default/template/product/product.tpl on line 553
2021-08-09 13:18:54 - PHP Notice:  Undefined variable: quick_view in /home/shad-one.com/public_html/system/modification/catalog/view/theme/default/template/product/product.tpl on line 553
2021-08-09 13:18:54 - PHP Notice:  Undefined variable: quick_view in /home/shad-one.com/public_html/system/modification/catalog/view/theme/default/template/product/product.tpl on line 553
2021-08-09 13:18:54 - PHP Notice:  Undefined variable: quick_view in /home/shad-one.com/public_html/system/modification/catalog/view/theme/default/template/product/product.tpl on line 553
2021-08-09 13:18:55 - PHP Notice:  Undefined variable: quick_view in /home/shad-one.com/public_html/system/modification/catalog/view/theme/default/template/product/product.tpl on line 553
2021-08-09 13:18:55 - PHP Notice:  Undefined variable: quick_view in /home/shad-one.com/public_html/system/modification/catalog/view/theme/default/template/product/product.tpl on line 553
2021-08-09 13:18:55 - PHP Notice:  Undefined variable: quick_view in /home/shad-one.com/public_html/system/modification/catalog/view/theme/default/template/product/product.tpl on line 553
2021-08-09 13:18:55 - PHP Notice:  Undefined variable: quick_view in /home/shad-one.com/public_html/system/modification/catalog/view/theme/default/template/product/product.tpl on line 553
2021-08-09 13:18:55 - PHP Notice:  Undefined variable: quick_view in /home/shad-one.com/public_html/system/modification/catalog/view/theme/default/template/product/product.tpl on line 553
2021-08-09 13:18:55 - PHP Notice:  Undefined variable: quick_view in /home/shad-one.com/public_html/system/modification/catalog/view/theme/default/template/product/product.tpl on line 553
2021-08-09 13:18:55 - PHP Notice:  Undefined variable: quick_view in /home/shad-one.com/public_html/system/modification/catalog/view/theme/default/template/product/product.tpl on line 553
2021-08-09 13:18:56 - PHP Notice:  Undefined variable: quick_view in /home/shad-one.com/public_html/system/modification/catalog/view/theme/default/template/product/product.tpl on line 553
2021-08-09 13:18:56 - PHP Notice:  Undefined variable: quick_view in /home/shad-one.com/public_html/system/modification/catalog/view/theme/default/template/product/product.tpl on line 553
2021-08-09 13:18:56 - PHP Notice:  Undefined variable: quick_view in /home/shad-one.com/public_html/system/modification/catalog/view/theme/default/template/product/product.tpl on line 553
2021-08-09 13:18:57 - PHP Notice:  Undefined variable: quick_view in /home/shad-one.com/public_html/system/modification/catalog/view/theme/default/template/product/product.tpl on line 553
2021-08-09 13:18:57 - PHP Notice:  Undefined variable: quick_view in /home/shad-one.com/public_html/system/modification/catalog/view/theme/default/template/product/product.tpl on line 553
2021-08-09 13:18:57 - PHP Notice:  Undefined variable: quick_view in /home/shad-one.com/public_html/system/modification/catalog/view/theme/default/template/product/product.tpl on line 553
2021-08-09 13:18:57 - PHP Notice:  Undefined variable: text_out_of_stock in /home/shad-one.com/public_html/system/modification/catalog/view/theme/default/template/product/category.tpl on line 139
2021-08-09 13:18:57 - PHP Notice:  Undefined variable: text_out_of_stock in /home/shad-one.com/public_html/system/modification/catalog/view/theme/default/template/product/category.tpl on line 139
2021-08-09 13:18:57 - PHP Notice:  Undefined variable: text_out_of_stock in /home/shad-one.com/public_html/system/modification/catalog/view/theme/default/template/product/category.tpl on line 139
2021-08-09 13:18:57 - PHP Notice:  Undefined variable: text_out_of_stock in /home/shad-one.com/public_html/system/modification/catalog/view/theme/default/template/product/category.tpl on line 139
2021-08-09 13:18:57 - PHP Notice:  Undefined variable: text_out_of_stock in /home/shad-one.com/public_html/system/modification/catalog/view/theme/default/template/product/category.tpl on line 139
2021-08-09 13:18:57 - PHP Notice:  Undefined variable: text_out_of_stock in /home/shad-one.com/public_html/system/modification/catalog/view/theme/default/template/product/category.tpl on line 139
2021-08-09 13:18:58 - PHP Notice:  Undefined variable: quick_view in /home/shad-one.com/public_html/system/modification/catalog/view/theme/default/template/product/product.tpl on line 553
2021-08-09 13:18:58 - PHP Notice:  Undefined variable: quick_view in /home/shad-one.com/public_html/system/modification/catalog/view/theme/default/template/product/product.tpl on line 553
2021-08-09 13:18:58 - PHP Notice:  Undefined variable: quick_view in /home/shad-one.com/public_html/system/modification/catalog/view/theme/default/template/product/product.tpl on line 553
2021-08-09 13:18:58 - PHP Notice:  Undefined variable: quick_view in /home/shad-one.com/public_html/system/modification/catalog/view/theme/default/template/product/product.tpl on line 553
2021-08-09 13:18:58 - PHP Notice:  Undefined variable: quick_view in /home/shad-one.com/public_html/system/modification/catalog/view/theme/default/template/product/product.tpl on line 553
2021-08-09 13:18:58 - PHP Notice:  Undefined variable: quick_view in /home/shad-one.com/public_html/system/modification/catalog/view/theme/default/template/product/product.tpl on line 553
2021-08-09 13:18:58 - PHP Notice:  Undefined variable: quick_view in /home/shad-one.com/public_html/system/modification/catalog/view/theme/default/template/product/product.tpl on line 553
2021-08-09 13:18:58 - PHP Notice:  Undefined variable: quick_view in /home/shad-one.com/public_html/system/modification/catalog/view/theme/default/template/product/product.tpl on line 553
2021-08-09 13:20:56 - PHP Notice:  session_start(): ps_files_cleanup_dir: opendir(/var/lib/lsphp/session/lsphp70) failed: Permission denied (13) in /home/shad-one.com/public_html/system/library/session.php on line 12
2021-08-09 13:21:07 - PHP Notice:  Undefined variable: quick_view in /home/shad-one.com/public_html/system/modification/catalog/view/theme/default/template/product/product.tpl on line 553
2021-08-09 13:21:07 - PHP Notice:  Undefined variable: quick_view in /home/shad-one.com/public_html/system/modification/catalog/view/theme/default/template/product/product.tpl on line 553
2021-08-09 13:21:07 - PHP Notice:  Undefined variable: quick_view in /home/shad-one.com/public_html/system/modification/catalog/view/theme/default/template/product/product.tpl on line 553
2021-08-09 13:21:07 - PHP Notice:  Undefined variable: quick_view in /home/shad-one.com/public_html/system/modification/catalog/view/theme/default/template/product/product.tpl on line 553
2021-08-09 13:21:07 - PHP Notice:  Undefined variable: quick_view in /home/shad-one.com/public_html/system/modification/catalog/view/theme/default/template/product/product.tpl on line 553
2021-08-09 13:21:07 - PHP Notice:  Undefined variable: quick_view in /home/shad-one.com/public_html/system/modification/catalog/view/theme/default/template/product/product.tpl on line 553
2021-08-09 13:23:46 - PHP Notice:  Undefined variable: quick_view in /home/shad-one.com/public_html/system/modification/catalog/view/theme/default/template/product/product.tpl on line 553
2021-08-09 13:23:46 - PHP Notice:  Undefined variable: quick_view in /home/shad-one.com/public_html/system/modification/catalog/view/theme/default/template/product/product.tpl on line 553
2021-08-09 13:23:46 - PHP Notice:  Undefined variable: quick_view in /home/shad-one.com/public_html/system/modification/catalog/view/theme/default/template/product/product.tpl on line 553
2021-08-09 13:23:46 - PHP Notice:  Undefined variable: quick_view in /home/shad-one.com/public_html/system/modification/catalog/view/theme/default/template/product/product.tpl on line 553
2021-08-09 13:24:05 - PHP Notice:  Undefined variable: quick_view in /home/shad-one.com/public_html/system/modification/catalog/view/theme/default/template/product/product.tpl on line 553
2021-08-09 13:24:05 - PHP Notice:  Undefined variable: quick_view in /home/shad-one.com/public_html/system/modification/catalog/view/theme/default/template/product/product.tpl on line 553
2021-08-09 13:24:05 - PHP Notice:  Undefined variable: quick_view in /home/shad-one.com/public_html/system/modification/catalog/view/theme/default/template/product/product.tpl on line 553
2021-08-09 13:28:13 - PHP Notice:  Undefined variable: quick_view in /home/shad-one.com/public_html/system/modification/catalog/view/theme/default/template/product/product.tpl on line 553
2021-08-09 13:28:13 - PHP Notice:  Undefined variable: quick_view in /home/shad-one.com/public_html/system/modification/catalog/view/theme/default/template/product/product.tpl on line 553
2021-08-09 13:28:13 - PHP Notice:  Undefined variable: quick_view in /home/shad-one.com/public_html/system/modification/catalog/view/theme/default/template/product/product.tpl on line 553
2021-08-09 13:28:13 - PHP Notice:  Undefined variable: quick_view in /home/shad-one.com/public_html/system/modification/catalog/view/theme/default/template/product/product.tpl on line 553
2021-08-09 13:28:13 - PHP Notice:  Undefined variable: quick_view in /home/shad-one.com/public_html/system/modification/catalog/view/theme/default/template/product/product.tpl on line 553
2021-08-09 13:28:13 - PHP Notice:  Undefined variable: quick_view in /home/shad-one.com/public_html/system/modification/catalog/view/theme/default/template/product/product.tpl on line 553
2021-08-09 13:31:24 - PHP Notice:  Undefined variable: quick_view in /home/shad-one.com/public_html/system/modification/catalog/view/theme/default/template/product/product.tpl on line 553
2021-08-09 13:31:24 - PHP Notice:  Undefined variable: quick_view in /home/shad-one.com/public_html/system/modification/catalog/view/theme/default/template/product/product.tpl on line 553
2021-08-09 13:31:24 - PHP Notice:  Undefined variable: quick_view in /home/shad-one.com/public_html/system/modification/catalog/view/theme/default/template/product/product.tpl on line 553
2021-08-09 13:36:02 - PHP Notice:  Undefined variable: text_out_of_stock in /home/shad-one.com/public_html/system/modification/catalog/view/theme/default/template/product/category.tpl on line 139
2021-08-09 13:36:02 - PHP Notice:  Undefined variable: text_out_of_stock in /home/shad-one.com/public_html/system/modification/catalog/view/theme/default/template/product/category.tpl on line 139
2021-08-09 13:36:02 - PHP Notice:  Undefined variable: text_out_of_stock in /home/shad-one.com/public_html/system/modification/catalog/view/theme/default/template/product/category.tpl on line 139
2021-08-09 13:36:02 - PHP Notice:  Undefined variable: text_out_of_stock in /home/shad-one.com/public_html/system/modification/catalog/view/theme/default/template/product/category.tpl on line 139
2021-08-09 13:36:02 - PHP Notice:  Undefined variable: text_out_of_stock in /home/shad-one.com/public_html/system/modification/catalog/view/theme/default/template/product/category.tpl on line 139
2021-08-09 13:36:02 - PHP Notice:  Undefined variable: text_out_of_stock in /home/shad-one.com/public_html/system/modification/catalog/view/theme/default/template/product/category.tpl on line 139
2021-08-09 13:36:03 - PHP Notice:  Undefined index: minimum in /home/shad-one.com/public_html/system/modification/catalog/view/theme/default/template/module/ultimatemegafilter_products.tpl on line 66
2021-08-09 13:36:03 - PHP Notice:  Undefined index: minimum in /home/shad-one.com/public_html/system/modification/catalog/view/theme/default/template/module/ultimatemegafilter_products.tpl on line 66
2021-08-09 13:36:03 - PHP Notice:  Undefined index: minimum in /home/shad-one.com/public_html/system/modification/catalog/view/theme/default/template/module/ultimatemegafilter_products.tpl on line 66
2021-08-09 13:36:03 - PHP Notice:  Undefined index: minimum in /home/shad-one.com/public_html/system/modification/catalog/view/theme/default/template/module/ultimatemegafilter_products.tpl on line 66
2021-08-09 13:36:03 - PHP Notice:  Undefined index: minimum in /home/shad-one.com/public_html/system/modification/catalog/view/theme/default/template/module/ultimatemegafilter_products.tpl on line 66
2021-08-09 13:36:03 - PHP Notice:  Undefined index: minimum in /home/shad-one.com/public_html/system/modification/catalog/view/theme/default/template/module/ultimatemegafilter_products.tpl on line 66
2021-08-09 13:36:06 - PHP Notice:  Undefined variable: quick_view in /home/shad-one.com/public_html/system/modification/catalog/view/theme/default/template/product/product.tpl on line 553
2021-08-09 13:36:06 - PHP Notice:  Undefined variable: quick_view in /home/shad-one.com/public_html/system/modification/catalog/view/theme/default/template/product/product.tpl on line 553
2021-08-09 13:36:06 - PHP Notice:  Undefined variable: quick_view in /home/shad-one.com/public_html/system/modification/catalog/view/theme/default/template/product/product.tpl on line 553
2021-08-09 13:53:12 - PHP Notice:  Undefined variable: text_out_of_stock in /home/shad-one.com/public_html/system/modification/catalog/view/theme/default/template/product/category.tpl on line 139
2021-08-09 13:53:12 - PHP Notice:  Undefined variable: text_out_of_stock in /home/shad-one.com/public_html/system/modification/catalog/view/theme/default/template/product/category.tpl on line 139
2021-08-09 13:53:12 - PHP Notice:  Undefined variable: text_out_of_stock in /home/shad-one.com/public_html/system/modification/catalog/view/theme/default/template/product/category.tpl on line 139
2021-08-09 13:53:12 - PHP Notice:  Undefined variable: text_out_of_stock in /home/shad-one.com/public_html/system/modification/catalog/view/theme/default/template/product/category.tpl on line 139
2021-08-09 13:53:12 - PHP Notice:  Undefined variable: text_out_of_stock in /home/shad-one.com/public_html/system/modification/catalog/view/theme/default/template/product/category.tpl on line 139
2021-08-09 13:53:12 - PHP Notice:  Undefined variable: text_out_of_stock in /home/shad-one.com/public_html/system/modification/catalog/view/theme/default/template/product/category.tpl on line 139
2021-08-09 13:53:13 - PHP Notice:  Undefined index: minimum in /home/shad-one.com/public_html/system/modification/catalog/view/theme/default/template/module/ultimatemegafilter_products.tpl on line 66
2021-08-09 13:53:13 - PHP Notice:  Undefined index: minimum in /home/shad-one.com/public_html/system/modification/catalog/view/theme/default/template/module/ultimatemegafilter_products.tpl on line 66
2021-08-09 13:53:13 - PHP Notice:  Undefined index: minimum in /home/shad-one.com/public_html/system/modification/catalog/view/theme/default/template/module/ultimatemegafilter_products.tpl on line 66
2021-08-09 13:53:13 - PHP Notice:  Undefined index: minimum in /home/shad-one.com/public_html/system/modification/catalog/view/theme/default/template/module/ultimatemegafilter_products.tpl on line 66
2021-08-09 13:53:13 - PHP Notice:  Undefined index: minimum in /home/shad-one.com/public_html/system/modification/catalog/view/theme/default/template/module/ultimatemegafilter_products.tpl on line 66
2021-08-09 13:53:13 - PHP Notice:  Undefined index: minimum in /home/shad-one.com/public_html/system/modification/catalog/view/theme/default/template/module/ultimatemegafilter_products.tpl on line 66
2021-08-09 13:53:17 - PHP Notice:  Undefined variable: quick_view in /home/shad-one.com/public_html/system/modification/catalog/view/theme/default/template/product/product.tpl on line 553
2021-08-09 13:53:17 - PHP Notice:  Undefined variable: quick_view in /home/shad-one.com/public_html/system/modification/catalog/view/theme/default/template/product/product.tpl on line 553
2021-08-09 13:53:17 - PHP Notice:  Undefined variable: quick_view in /home/shad-one.com/public_html/system/modification/catalog/view/theme/default/template/product/product.tpl on line 553
2021-08-09 13:53:17 - PHP Notice:  Undefined variable: quick_view in /home/shad-one.com/public_html/system/modification/catalog/view/theme/default/template/product/product.tpl on line 553
2021-08-09 13:53:17 - PHP Notice:  Undefined variable: quick_view in /home/shad-one.com/public_html/system/modification/catalog/view/theme/default/template/product/product.tpl on line 553
2021-08-09 13:53:17 - PHP Notice:  Undefined variable: quick_view in /home/shad-one.com/public_html/system/modification/catalog/view/theme/default/template/product/product.tpl on line 553
2021-08-09 14:01:14 - PHP Notice:  Undefined variable: text_out_of_stock in /home/shad-one.com/public_html/system/modification/catalog/view/theme/default/template/product/category.tpl on line 139
2021-08-09 14:01:14 - PHP Notice:  Undefined variable: text_out_of_stock in /home/shad-one.com/public_html/system/modification/catalog/view/theme/default/template/product/category.tpl on line 139
2021-08-09 14:01:14 - PHP Notice:  Undefined variable: text_out_of_stock in /home/shad-one.com/public_html/system/modification/catalog/view/theme/default/template/product/category.tpl on line 139
2021-08-09 14:01:14 - PHP Notice:  Undefined variable: text_out_of_stock in /home/shad-one.com/public_html/system/modification/catalog/view/theme/default/template/product/category.tpl on line 139
2021-08-09 14:01:14 - PHP Notice:  Undefined variable: text_out_of_stock in /home/shad-one.com/public_html/system/modification/catalog/view/theme/default/template/product/category.tpl on line 139
2021-08-09 14:01:14 - PHP Notice:  Undefined variable: text_out_of_stock in /home/shad-one.com/public_html/system/modification/catalog/view/theme/default/template/product/category.tpl on line 139
2021-08-09 14:01:15 - PHP Notice:  Undefined index: minimum in /home/shad-one.com/public_html/system/modification/catalog/view/theme/default/template/module/ultimatemegafilter_products.tpl on line 66
2021-08-09 14:01:15 - PHP Notice:  Undefined index: minimum in /home/shad-one.com/public_html/system/modification/catalog/view/theme/default/template/module/ultimatemegafilter_products.tpl on line 66
2021-08-09 14:01:15 - PHP Notice:  Undefined index: minimum in /home/shad-one.com/public_html/system/modification/catalog/view/theme/default/template/module/ultimatemegafilter_products.tpl on line 66
2021-08-09 14:01:15 - PHP Notice:  Undefined index: minimum in /home/shad-one.com/public_html/system/modification/catalog/view/theme/default/template/module/ultimatemegafilter_products.tpl on line 66
2021-08-09 14:01:15 - PHP Notice:  Undefined index: minimum in /home/shad-one.com/public_html/system/modification/catalog/view/theme/default/template/module/ultimatemegafilter_products.tpl on line 66
2021-08-09 14:01:15 - PHP Notice:  Undefined index: minimum in /home/shad-one.com/public_html/system/modification/catalog/view/theme/default/template/module/ultimatemegafilter_products.tpl on line 66
2021-08-09 14:01:24 - PHP Notice:  Undefined variable: quick_view in /home/shad-one.com/public_html/system/modification/catalog/view/theme/default/template/product/product.tpl on line 553
2021-08-09 14:01:24 - PHP Notice:  Undefined variable: quick_view in /home/shad-one.com/public_html/system/modification/catalog/view/theme/default/template/product/product.tpl on line 553
2021-08-09 14:01:24 - PHP Notice:  Undefined variable: quick_view in /home/shad-one.com/public_html/system/modification/catalog/view/theme/default/template/product/product.tpl on line 553
2021-08-09 14:01:24 - PHP Notice:  Undefined variable: quick_view in /home/shad-one.com/public_html/system/modification/catalog/view/theme/default/template/product/product.tpl on line 553
2021-08-09 14:01:24 - PHP Notice:  Undefined variable: quick_view in /home/shad-one.com/public_html/system/modification/catalog/view/theme/default/template/product/product.tpl on line 553
2021-08-09 14:13:36 - PHP Notice:  Undefined variable: text_out_of_stock in /home/shad-one.com/public_html/system/modification/catalog/view/theme/default/template/product/category.tpl on line 139
2021-08-09 14:13:36 - PHP Notice:  Undefined variable: text_out_of_stock in /home/shad-one.com/public_html/system/modification/catalog/view/theme/default/template/product/category.tpl on line 139
2021-08-09 14:13:36 - PHP Notice:  Undefined variable: text_out_of_stock in /home/shad-one.com/public_html/system/modification/catalog/view/theme/default/template/product/category.tpl on line 139
2021-08-09 14:13:36 - PHP Notice:  Undefined variable: text_out_of_stock in /home/shad-one.com/public_html/system/modification/catalog/view/theme/default/template/product/category.tpl on line 139
2021-08-09 14:13:36 - PHP Notice:  Undefined variable: text_out_of_stock in /home/shad-one.com/public_html/system/modification/catalog/view/theme/default/template/product/category.tpl on line 139
2021-08-09 14:13:36 - PHP Notice:  Undefined variable: text_out_of_stock in /home/shad-one.com/public_html/system/modification/catalog/view/theme/default/template/product/category.tpl on line 139
2021-08-09 14:13:36 - PHP Notice:  Undefined index: minimum in /home/shad-one.com/public_html/system/modification/catalog/view/theme/default/template/module/ultimatemegafilter_products.tpl on line 66
2021-08-09 14:13:36 - PHP Notice:  Undefined index: minimum in /home/shad-one.com/public_html/system/modification/catalog/view/theme/default/template/module/ultimatemegafilter_products.tpl on line 66
2021-08-09 14:13:36 - PHP Notice:  Undefined index: minimum in /home/shad-one.com/public_html/system/modification/catalog/view/theme/default/template/module/ultimatemegafilter_products.tpl on line 66
2021-08-09 14:13:36 - PHP Notice:  Undefined index: minimum in /home/shad-one.com/public_html/system/modification/catalog/view/theme/default/template/module/ultimatemegafilter_products.tpl on line 66
2021-08-09 14:13:36 - PHP Notice:  Undefined index: minimum in /home/shad-one.com/public_html/system/modification/catalog/view/theme/default/template/module/ultimatemegafilter_products.tpl on line 66
2021-08-09 14:13:36 - PHP Notice:  Undefined index: minimum in /home/shad-one.com/public_html/system/modification/catalog/view/theme/default/template/module/ultimatemegafilter_products.tpl on line 66
2021-08-09 14:13:40 - PHP Notice:  Undefined variable: quick_view in /home/shad-one.com/public_html/system/modification/catalog/view/theme/default/template/product/product.tpl on line 553
2021-08-09 14:13:40 - PHP Notice:  Undefined variable: quick_view in /home/shad-one.com/public_html/system/modification/catalog/view/theme/default/template/product/product.tpl on line 553
2021-08-09 14:13:40 - PHP Notice:  Undefined variable: quick_view in /home/shad-one.com/public_html/system/modification/catalog/view/theme/default/template/product/product.tpl on line 553
2021-08-09 16:05:03 - PHP Notice:  Undefined variable: quick_view in /home/shad-one.com/public_html/system/modification/catalog/view/theme/default/template/product/product.tpl on line 553
2021-08-09 16:05:03 - PHP Notice:  Undefined variable: quick_view in /home/shad-one.com/public_html/system/modification/catalog/view/theme/default/template/product/product.tpl on line 553
2021-08-09 16:05:03 - PHP Notice:  Undefined variable: quick_view in /home/shad-one.com/public_html/system/modification/catalog/view/theme/default/template/product/product.tpl on line 553
2021-08-09 16:05:03 - PHP Notice:  Undefined variable: quick_view in /home/shad-one.com/public_html/system/modification/catalog/view/theme/default/template/product/product.tpl on line 553
2021-08-09 16:11:39 - PHP Notice:  Undefined variable: text_out_of_stock in /home/shad-one.com/public_html/system/modification/catalog/view/theme/default/template/product/category.tpl on line 139
2021-08-09 16:11:39 - PHP Notice:  Undefined variable: text_out_of_stock in /home/shad-one.com/public_html/system/modification/catalog/view/theme/default/template/product/category.tpl on line 139
2021-08-09 16:11:39 - PHP Notice:  Undefined variable: text_out_of_stock in /home/shad-one.com/public_html/system/modification/catalog/view/theme/default/template/product/category.tpl on line 139
2021-08-09 16:11:39 - PHP Notice:  Undefined variable: text_out_of_stock in /home/shad-one.com/public_html/system/modification/catalog/view/theme/default/template/product/category.tpl on line 139
2021-08-09 16:11:39 - PHP Notice:  Undefined variable: text_out_of_stock in /home/shad-one.com/public_html/system/modification/catalog/view/theme/default/template/product/category.tpl on line 139
2021-08-09 16:11:39 - PHP Notice:  Undefined variable: text_out_of_stock in /home/shad-one.com/public_html/system/modification/catalog/view/theme/default/template/product/category.tpl on line 139
2021-08-09 16:11:39 - PHP Notice:  Undefined index: minimum in /home/shad-one.com/public_html/system/modification/catalog/view/theme/default/template/module/ultimatemegafilter_products.tpl on line 66
2021-08-09 16:11:39 - PHP Notice:  Undefined index: minimum in /home/shad-one.com/public_html/system/modification/catalog/view/theme/default/template/module/ultimatemegafilter_products.tpl on line 66
2021-08-09 16:11:39 - PHP Notice:  Undefined index: minimum in /home/shad-one.com/public_html/system/modification/catalog/view/theme/default/template/module/ultimatemegafilter_products.tpl on line 66
2021-08-09 16:11:39 - PHP Notice:  Undefined index: minimum in /home/shad-one.com/public_html/system/modification/catalog/view/theme/default/template/module/ultimatemegafilter_products.tpl on line 66
2021-08-09 16:11:39 - PHP Notice:  Undefined index: minimum in /home/shad-one.com/public_html/system/modification/catalog/view/theme/default/template/module/ultimatemegafilter_products.tpl on line 66
2021-08-09 16:11:39 - PHP Notice:  Undefined index: minimum in /home/shad-one.com/public_html/system/modification/catalog/view/theme/default/template/module/ultimatemegafilter_products.tpl on line 66
2021-08-09 16:11:56 - PHP Notice:  Undefined variable: quick_view in /home/shad-one.com/public_html/system/modification/catalog/view/theme/default/template/product/product.tpl on line 553
2021-08-09 16:11:56 - PHP Notice:  Undefined variable: quick_view in /home/shad-one.com/public_html/system/modification/catalog/view/theme/default/template/product/product.tpl on line 553
2021-08-09 16:11:56 - PHP Notice:  Undefined variable: quick_view in /home/shad-one.com/public_html/system/modification/catalog/view/theme/default/template/product/product.tpl on line 553
2021-08-09 16:12:37 - PHP Notice:  Undefined variable: text_out_of_stock in /home/shad-one.com/public_html/system/modification/catalog/view/theme/default/template/product/category.tpl on line 139
2021-08-09 16:12:37 - PHP Notice:  Undefined variable: text_out_of_stock in /home/shad-one.com/public_html/system/modification/catalog/view/theme/default/template/product/category.tpl on line 139
2021-08-09 16:12:37 - PHP Notice:  Undefined variable: text_out_of_stock in /home/shad-one.com/public_html/system/modification/catalog/view/theme/default/template/product/category.tpl on line 139
2021-08-09 16:12:37 - PHP Notice:  Undefined variable: text_out_of_stock in /home/shad-one.com/public_html/system/modification/catalog/view/theme/default/template/product/category.tpl on line 139
2021-08-09 16:12:37 - PHP Notice:  Undefined variable: text_out_of_stock in /home/shad-one.com/public_html/system/modification/catalog/view/theme/default/template/product/category.tpl on line 139
2021-08-09 16:12:37 - PHP Notice:  Undefined variable: text_out_of_stock in /home/shad-one.com/public_html/system/modification/catalog/view/theme/default/template/product/category.tpl on line 139
2021-08-09 16:12:37 - PHP Notice:  Undefined index: minimum in /home/shad-one.com/public_html/system/modification/catalog/view/theme/default/template/module/ultimatemegafilter_products.tpl on line 66
2021-08-09 16:12:37 - PHP Notice:  Undefined index: minimum in /home/shad-one.com/public_html/system/modification/catalog/view/theme/default/template/module/ultimatemegafilter_products.tpl on line 66
2021-08-09 16:12:37 - PHP Notice:  Undefined index: minimum in /home/shad-one.com/public_html/system/modification/catalog/view/theme/default/template/module/ultimatemegafilter_products.tpl on line 66
2021-08-09 16:12:37 - PHP Notice:  Undefined index: minimum in /home/shad-one.com/public_html/system/modification/catalog/view/theme/default/template/module/ultimatemegafilter_products.tpl on line 66
2021-08-09 16:12:37 - PHP Notice:  Undefined index: minimum in /home/shad-one.com/public_html/system/modification/catalog/view/theme/default/template/module/ultimatemegafilter_products.tpl on line 66
2021-08-09 16:12:37 - PHP Notice:  Undefined index: minimum in /home/shad-one.com/public_html/system/modification/catalog/view/theme/default/template/module/ultimatemegafilter_products.tpl on line 66
2021-08-09 18:52:12 - PHP Notice:  Undefined variable: quick_view in /home/shad-one.com/public_html/system/modification/catalog/view/theme/default/template/product/product.tpl on line 553
2021-08-09 18:52:12 - PHP Notice:  Undefined variable: quick_view in /home/shad-one.com/public_html/system/modification/catalog/view/theme/default/template/product/product.tpl on line 553
2021-08-09 18:52:12 - PHP Notice:  Undefined variable: quick_view in /home/shad-one.com/public_html/system/modification/catalog/view/theme/default/template/product/product.tpl on line 553
2021-08-09 19:11:05 - PHP Notice:  Undefined variable: quick_view in /home/shad-one.com/public_html/system/modification/catalog/view/theme/default/template/product/product.tpl on line 553
2021-08-09 19:11:05 - PHP Notice:  Undefined variable: quick_view in /home/shad-one.com/public_html/system/modification/catalog/view/theme/default/template/product/product.tpl on line 553
2021-08-09 19:11:05 - PHP Notice:  Undefined variable: quick_view in /home/shad-one.com/public_html/system/modification/catalog/view/theme/default/template/product/product.tpl on line 553
2021-08-09 19:11:05 - PHP Notice:  Undefined variable: quick_view in /home/shad-one.com/public_html/system/modification/catalog/view/theme/default/template/product/product.tpl on line 553
2021-08-09 19:11:05 - PHP Notice:  Undefined variable: quick_view in /home/shad-one.com/public_html/system/modification/catalog/view/theme/default/template/product/product.tpl on line 553
2021-08-09 19:11:05 - PHP Notice:  Undefined variable: quick_view in /home/shad-one.com/public_html/system/modification/catalog/view/theme/default/template/product/product.tpl on line 553
2021-08-09 19:44:43 - PHP Notice:  Undefined variable: quick_view in /home/shad-one.com/public_html/system/modification/catalog/view/theme/default/template/product/product.tpl on line 553
2021-08-09 19:44:43 - PHP Notice:  Undefined variable: quick_view in /home/shad-one.com/public_html/system/modification/catalog/view/theme/default/template/product/product.tpl on line 553
2021-08-09 19:44:43 - PHP Notice:  Undefined variable: quick_view in /home/shad-one.com/public_html/system/modification/catalog/view/theme/default/template/product/product.tpl on line 553
2021-08-09 19:44:43 - PHP Notice:  Undefined variable: quick_view in /home/shad-one.com/public_html/system/modification/catalog/view/theme/default/template/product/product.tpl on line 553
2021-08-09 19:44:43 - PHP Notice:  Undefined variable: quick_view in /home/shad-one.com/public_html/system/modification/catalog/view/theme/default/template/product/product.tpl on line 553
2021-08-09 19:53:20 - PHP Notice:  Undefined variable: quick_view in /home/shad-one.com/public_html/system/modification/catalog/view/theme/default/template/product/product.tpl on line 553
2021-08-09 19:53:20 - PHP Notice:  Undefined variable: quick_view in /home/shad-one.com/public_html/system/modification/catalog/view/theme/default/template/product/product.tpl on line 553
2021-08-09 19:53:20 - PHP Notice:  Undefined variable: quick_view in /home/shad-one.com/public_html/system/modification/catalog/view/theme/default/template/product/product.tpl on line 553
